[0.080s] Invoking command in '/home/hp/turtlebot3_ws/build/turtlebot3_node': CMAKE_PREFIX_PATH=${CMAKE_PREFIX_PATH}:/opt/ros/jazzy DEBUGINFOD_URLS=https://debuginfod.ubuntu.com /usr/bin/cmake /home/hp/turtlebot3_ws/src/turtlebot3/turtlebot3_node -DCMAKE_INSTALL_PREFIX=/home/hp/turtlebot3_ws/install/turtlebot3_node
[1.222s] -- The C compiler identification is GNU 13.3.0
[3.642s] -- The CXX compiler identification is GNU 13.3.0
[3.839s] -- Detecting C compiler ABI info
[4.337s] -- Detecting C compiler ABI info - done
[4.375s] -- Check for working C compiler: /usr/bin/cc - skipped
[4.375s] -- Detecting C compile features
[4.376s] -- Detecting C compile features - done
[4.418s] -- Detecting CXX compiler ABI info
[4.710s] -- Detecting CXX compiler ABI info - done
[4.743s] -- Check for working CXX compiler: /usr/bin/c++ - skipped
[4.744s] -- Detecting CXX compile features
[4.745s] -- Detecting CXX compile features - done
[4.917s] -- Found ament_cmake: 2.5.3 (/opt/ros/jazzy/share/ament_cmake/cmake)
[5.336s] -- Found Python3: /usr/bin/python3 (found version "3.12.3") found components: Interpreter 
[5.864s] -- Found dynamixel_sdk: 3.8.1 (/opt/ros/jazzy/share/dynamixel_sdk/cmake)
[5.880s] -- Found geometry_msgs: 5.3.5 (/opt/ros/jazzy/share/geometry_msgs/cmake)
[6.142s] -- Found rosidl_generator_c: 4.6.5 (/opt/ros/jazzy/share/rosidl_generator_c/cmake)
[6.209s] -- Found rosidl_generator_cpp: 4.6.5 (/opt/ros/jazzy/share/rosidl_generator_cpp/cmake)
[6.320s] -- Using all available rosidl_typesupport_c: rosidl_typesupport_fastrtps_c;rosidl_typesupport_introspection_c
[6.404s] -- Using all available rosidl_typesupport_cpp: rosidl_typesupport_fastrtps_cpp;rosidl_typesupport_introspection_cpp
[6.682s] -- Found message_filters: 4.11.4 (/opt/ros/jazzy/share/message_filters/cmake)
[7.255s] -- Found rmw_implementation_cmake: 7.3.1 (/opt/ros/jazzy/share/rmw_implementation_cmake/cmake)
[7.275s] -- Found rmw_fastrtps_cpp: 8.4.1 (/opt/ros/jazzy/share/rmw_fastrtps_cpp/cmake)
[7.906s] -- Found OpenSSL: /usr/lib/x86_64-linux-gnu/libcrypto.so (found version "3.0.13")  
[8.004s] -- Found FastRTPS: /opt/ros/jazzy/include (Required is at least version "2.13") 
[8.076s] -- Using RMW implementation 'rmw_fastrtps_cpp' as default
[8.432s] -- Found nav_msgs: 5.3.5 (/opt/ros/jazzy/share/nav_msgs/cmake)
[8.632s] -- Found sensor_msgs: 5.3.5 (/opt/ros/jazzy/share/sensor_msgs/cmake)
[8.732s] -- Found std_srvs: 5.3.5 (/opt/ros/jazzy/share/std_srvs/cmake)
[8.827s] -- Found tf2: 0.36.8 (/opt/ros/jazzy/share/tf2/cmake)
[8.850s] -- Found tf2_ros: 0.36.8 (/opt/ros/jazzy/share/tf2_ros/cmake)
[9.529s] -- Found turtlebot3_msgs: 2.3.0 (/opt/ros/jazzy/share/turtlebot3_msgs/cmake)
[9.980s] -- Configuring done (9.5s)
[10.105s] -- Generating done (0.1s)
[10.122s] -- Build files have been written to: /home/hp/turtlebot3_ws/build/turtlebot3_node
[10.413s] Invoked command in '/home/hp/turtlebot3_ws/build/turtlebot3_node' returned '0': CMAKE_PREFIX_PATH=${CMAKE_PREFIX_PATH}:/opt/ros/jazzy DEBUGINFOD_URLS=https://debuginfod.ubuntu.com /usr/bin/cmake /home/hp/turtlebot3_ws/src/turtlebot3/turtlebot3_node -DCMAKE_INSTALL_PREFIX=/home/hp/turtlebot3_ws/install/turtlebot3_node
[10.415s] Invoking command in '/home/hp/turtlebot3_ws/build/turtlebot3_node': CMAKE_PREFIX_PATH=${CMAKE_PREFIX_PATH}:/opt/ros/jazzy DEBUGINFOD_URLS=https://debuginfod.ubuntu.com /usr/bin/cmake --build /home/hp/turtlebot3_ws/build/turtlebot3_node -- -j4 -l4
[10.560s] [  7%] [32mBuilding CXX object CMakeFiles/turtlebot3_node_lib.dir/src/devices/reset.cpp.o[0m
[10.571s] [ 14%] [32mBuilding CXX object CMakeFiles/turtlebot3_node_lib.dir/src/devices/sound.cpp.o[0m
[10.571s] [ 21%] [32mBuilding CXX object CMakeFiles/turtlebot3_node_lib.dir/src/devices/motor_power.cpp.o[0m
[10.573s] [ 28%] [32mBuilding CXX object CMakeFiles/turtlebot3_node_lib.dir/src/diff_drive_controller.cpp.o[0m
[23.514s] [ 35%] [32mBuilding CXX object CMakeFiles/turtlebot3_node_lib.dir/src/dynamixel_sdk_wrapper.cpp.o[0m
[25.751s] [ 42%] [32mBuilding CXX object CMakeFiles/turtlebot3_node_lib.dir/src/odometry.cpp.o[0m
[25.885s] [ 50%] [32mBuilding CXX object CMakeFiles/turtlebot3_node_lib.dir/src/turtlebot3.cpp.o[0m
[26.157s] [ 57%] [32mBuilding CXX object CMakeFiles/turtlebot3_node_lib.dir/src/sensors/battery_state.cpp.o[0m
[28.089s] [ 64%] [32mBuilding CXX object CMakeFiles/turtlebot3_node_lib.dir/src/sensors/imu.cpp.o[0m
[64.135s] [ 71%] [32mBuilding CXX object CMakeFiles/turtlebot3_node_lib.dir/src/sensors/sensor_state.cpp.o[0m
[69.671s] [ 78%] [32mBuilding CXX object CMakeFiles/turtlebot3_node_lib.dir/src/sensors/joint_state.cpp.o[0m
[75.104s] [ 85%] [32m[1mLinking CXX static library libturtlebot3_node_lib.a[0m
[76.913s] [ 85%] Built target turtlebot3_node_lib
[76.946s] [ 92%] [32mBuilding CXX object CMakeFiles/turtlebot3_ros.dir/src/node_main.cpp.o[0m
[81.530s] [100%] [32m[1mLinking CXX executable turtlebot3_ros[0m
[83.701s] [100%] Built target turtlebot3_ros
[83.719s] Invoked command in '/home/hp/turtlebot3_ws/build/turtlebot3_node' returned '0': CMAKE_PREFIX_PATH=${CMAKE_PREFIX_PATH}:/opt/ros/jazzy DEBUGINFOD_URLS=https://debuginfod.ubuntu.com /usr/bin/cmake --build /home/hp/turtlebot3_ws/build/turtlebot3_node -- -j4 -l4
[83.721s] Invoking command in '/home/hp/turtlebot3_ws/build/turtlebot3_node': CMAKE_PREFIX_PATH=${CMAKE_PREFIX_PATH}:/opt/ros/jazzy DEBUGINFOD_URLS=https://debuginfod.ubuntu.com /usr/bin/cmake --install /home/hp/turtlebot3_ws/build/turtlebot3_node
[83.735s] -- Install configuration: ""
[83.735s] -- Installing: /home/hp/turtlebot3_ws/install/turtlebot3_node/share/turtlebot3_node/param
[83.736s] -- Installing: /home/hp/turtlebot3_ws/install/turtlebot3_node/share/turtlebot3_node/param/burger.yaml
[83.743s] -- Installing: /home/hp/turtlebot3_ws/install/turtlebot3_node/share/turtlebot3_node/param/waffle_pi.yaml
[83.744s] -- Installing: /home/hp/turtlebot3_ws/install/turtlebot3_node/share/turtlebot3_node/param/waffle.yaml
[83.746s] -- Installing: /home/hp/turtlebot3_ws/install/turtlebot3_node/lib/turtlebot3_node/turtlebot3_ros
[83.782s] -- Set non-toolchain portion of runtime path of "/home/hp/turtlebot3_ws/install/turtlebot3_node/lib/turtlebot3_node/turtlebot3_ros" to ""
[83.783s] -- Installing: /home/hp/turtlebot3_ws/install/turtlebot3_node/share/ament_index/resource_index/package_run_dependencies/turtlebot3_node
[83.783s] -- Installing: /home/hp/turtlebot3_ws/install/turtlebot3_node/share/ament_index/resource_index/parent_prefix_path/turtlebot3_node
[83.783s] -- Installing: /home/hp/turtlebot3_ws/install/turtlebot3_node/share/turtlebot3_node/environment/ament_prefix_path.sh
[83.784s] -- Installing: /home/hp/turtlebot3_ws/install/turtlebot3_node/share/turtlebot3_node/environment/ament_prefix_path.dsv
[83.784s] -- Installing: /home/hp/turtlebot3_ws/install/turtlebot3_node/share/turtlebot3_node/environment/path.sh
[83.784s] -- Installing: /home/hp/turtlebot3_ws/install/turtlebot3_node/share/turtlebot3_node/environment/path.dsv
[83.785s] -- Installing: /home/hp/turtlebot3_ws/install/turtlebot3_node/share/turtlebot3_node/local_setup.bash
[83.785s] -- Installing: /home/hp/turtlebot3_ws/install/turtlebot3_node/share/turtlebot3_node/local_setup.sh
[83.785s] -- Installing: /home/hp/turtlebot3_ws/install/turtlebot3_node/share/turtlebot3_node/local_setup.zsh
[83.786s] -- Installing: /home/hp/turtlebot3_ws/install/turtlebot3_node/share/turtlebot3_node/local_setup.dsv
[83.786s] -- Installing: /home/hp/turtlebot3_ws/install/turtlebot3_node/share/turtlebot3_node/package.dsv
[83.786s] -- Installing: /home/hp/turtlebot3_ws/install/turtlebot3_node/share/ament_index/resource_index/packages/turtlebot3_node
[83.787s] -- Installing: /home/hp/turtlebot3_ws/install/turtlebot3_node/share/turtlebot3_node/cmake/ament_cmake_export_include_directories-extras.cmake
[83.787s] -- Installing: /home/hp/turtlebot3_ws/install/turtlebot3_node/share/turtlebot3_node/cmake/turtlebot3_nodeConfig.cmake
[83.787s] -- Installing: /home/hp/turtlebot3_ws/install/turtlebot3_node/share/turtlebot3_node/cmake/turtlebot3_nodeConfig-version.cmake
[83.788s] -- Installing: /home/hp/turtlebot3_ws/install/turtlebot3_node/share/turtlebot3_node/package.xml
[83.790s] Invoked command in '/home/hp/turtlebot3_ws/build/turtlebot3_node' returned '0': CMAKE_PREFIX_PATH=${CMAKE_PREFIX_PATH}:/opt/ros/jazzy DEBUGINFOD_URLS=https://debuginfod.ubuntu.com /usr/bin/cmake --install /home/hp/turtlebot3_ws/build/turtlebot3_node
