[0.430s] DEBUG:colcon:Command line arguments: ['/usr/bin/colcon', 'list', '-p', '--base-paths', '/home/hp/turtlebot3_ws']
[0.431s] DEBUG:colcon:Parsed command line arguments: Namespace(log_base=None, log_level=None, verb_name='list', build_base='build', ignore_user_meta=False, metas=['./colcon.meta'], base_paths=['/home/hp/turtlebot3_ws'], packages_ignore=None, packages_ignore_regex=None, paths=None, packages_up_to=None, packages_up_to_regex=None, packages_above=None, packages_above_and_dependencies=None, packages_above_depth=None, packages_select_by_dep=None, packages_skip_by_dep=None, packages_skip_up_to=None, packages_select_build_failed=False, packages_skip_build_finished=False, packages_select_test_failures=False, packages_skip_test_passed=False, packages_select=None, packages_skip=None, packages_select_regex=None, packages_skip_regex=None, packages_start=None, packages_end=None, allow_overriding=[], topological_order=False, names_only=False, paths_only=True, topological_graph=False, topological_graph_dot=False, topological_graph_density=False, topological_graph_legend=False, topological_graph_dot_cluster=False, topological_graph_dot_include_skipped=False, mixin_files=None, mixin=None, verb_parser=<colcon_mixin.mixin.mixin_argument.MixinArgumentDecorator object at 0x778f879abf80>, verb_extension=<colcon_package_information.verb.list.ListVerb object at 0x778f87a46270>, main=<bound method ListVerb.main of <colcon_package_information.verb.list.ListVerb object at 0x778f87a46270>>, mixin_verb=('list',))
[0.578s] Level 1:colcon.colcon_core.package_discovery:discover_packages(colcon_meta) check parameters
[0.578s] Level 1:colcon.colcon_core.package_discovery:discover_packages(recursive) check parameters
[0.578s] Level 1:colcon.colcon_core.package_discovery:discover_packages(ignore) check parameters
[0.578s] Level 1:colcon.colcon_core.package_discovery:discover_packages(path) check parameters
[0.578s] Level 1:colcon.colcon_core.package_discovery:discover_packages(recursive) discover
[0.578s] INFO:colcon.colcon_core.package_discovery:Crawling recursively for packages in '/home/hp/turtlebot3_ws'
[0.579s] Level 1:colcon.colcon_core.package_identification:_identify(/home/hp/turtlebot3_ws) by extensions ['ignore', 'ignore_ament_install']
[0.579s] Level 1:colcon.colcon_core.package_identification:_identify(/home/hp/turtlebot3_ws) by extension 'ignore'
[0.579s] Level 1:colcon.colcon_core.package_identification:_identify(/home/hp/turtlebot3_ws) by extension 'ignore_ament_install'
[0.579s] Level 1:colcon.colcon_core.package_identification:_identify(/home/hp/turtlebot3_ws) by extensions ['colcon_pkg']
[0.579s] Level 1:colcon.colcon_core.package_identification:_identify(/home/hp/turtlebot3_ws) by extension 'colcon_pkg'
[0.579s] Level 1:colcon.colcon_core.package_identification:_identify(/home/hp/turtlebot3_ws) by extensions ['colcon_meta']
[0.580s] Level 1:colcon.colcon_core.package_identification:_identify(/home/hp/turtlebot3_ws) by extension 'colcon_meta'
[0.580s] Level 1:colcon.colcon_core.package_identification:_identify(/home/hp/turtlebot3_ws) by extensions ['ros']
[0.580s] Level 1:colcon.colcon_core.package_identification:_identify(/home/hp/turtlebot3_ws) by extension 'ros'
[0.679s] Level 1:colcon.colcon_core.package_identification:_identify(/home/hp/turtlebot3_ws) by extensions ['cmake', 'python']
[0.679s] Level 1:colcon.colcon_core.package_identification:_identify(/home/hp/turtlebot3_ws) by extension 'cmake'
[0.679s] Level 1:colcon.colcon_core.package_identification:_identify(/home/hp/turtlebot3_ws) by extension 'python'
[0.679s] Level 1:colcon.colcon_core.package_identification:_identify(/home/hp/turtlebot3_ws) by extensions ['python_setup_py']
[0.679s] Level 1:colcon.colcon_core.package_identification:_identify(/home/hp/turtlebot3_ws) by extension 'python_setup_py'
[0.680s] Level 1:colcon.colcon_core.package_identification:_identify(/home/hp/turtlebot3_ws/build) by extensions ['ignore', 'ignore_ament_install']
[0.680s] Level 1:colcon.colcon_core.package_identification:_identify(/home/hp/turtlebot3_ws/build) by extension 'ignore'
[0.680s] Level 1:colcon.colcon_core.package_identification:_identify(/home/hp/turtlebot3_ws/build) ignored
[0.681s] Level 1:colcon.colcon_core.package_identification:_identify(/home/hp/turtlebot3_ws/install) by extensions ['ignore', 'ignore_ament_install']
[0.681s] Level 1:colcon.colcon_core.package_identification:_identify(/home/hp/turtlebot3_ws/install) by extension 'ignore'
[0.681s] Level 1:colcon.colcon_core.package_identification:_identify(/home/hp/turtlebot3_ws/install) ignored
[0.681s] Level 1:colcon.colcon_core.package_identification:_identify(/home/hp/turtlebot3_ws/log) by extensions ['ignore', 'ignore_ament_install']
[0.681s] Level 1:colcon.colcon_core.package_identification:_identify(/home/hp/turtlebot3_ws/log) by extension 'ignore'
[0.681s] Level 1:colcon.colcon_core.package_identification:_identify(/home/hp/turtlebot3_ws/log) ignored
[0.682s] Level 1:colcon.colcon_core.package_identification:_identify(/home/hp/turtlebot3_ws/src) by extensions ['ignore', 'ignore_ament_install']
[0.682s] Level 1:colcon.colcon_core.package_identification:_identify(/home/hp/turtlebot3_ws/src) by extension 'ignore'
[0.682s] Level 1:colcon.colcon_core.package_identification:_identify(/home/hp/turtlebot3_ws/src) by extension 'ignore_ament_install'
[0.682s] Level 1:colcon.colcon_core.package_identification:_identify(/home/hp/turtlebot3_ws/src) by extensions ['colcon_pkg']
[0.682s] Level 1:colcon.colcon_core.package_identification:_identify(/home/hp/turtlebot3_ws/src) by extension 'colcon_pkg'
[0.682s] Level 1:colcon.colcon_core.package_identification:_identify(/home/hp/turtlebot3_ws/src) by extensions ['colcon_meta']
[0.683s] Level 1:colcon.colcon_core.package_identification:_identify(/home/hp/turtlebot3_ws/src) by extension 'colcon_meta'
[0.683s] Level 1:colcon.colcon_core.package_identification:_identify(/home/hp/turtlebot3_ws/src) by extensions ['ros']
[0.683s] Level 1:colcon.colcon_core.package_identification:_identify(/home/hp/turtlebot3_ws/src) by extension 'ros'
[0.683s] Level 1:colcon.colcon_core.package_identification:_identify(/home/hp/turtlebot3_ws/src) by extensions ['cmake', 'python']
[0.683s] Level 1:colcon.colcon_core.package_identification:_identify(/home/hp/turtlebot3_ws/src) by extension 'cmake'
[0.683s] Level 1:colcon.colcon_core.package_identification:_identify(/home/hp/turtlebot3_ws/src) by extension 'python'
[0.684s] Level 1:colcon.colcon_core.package_identification:_identify(/home/hp/turtlebot3_ws/src) by extensions ['python_setup_py']
[0.684s] Level 1:colcon.colcon_core.package_identification:_identify(/home/hp/turtlebot3_ws/src) by extension 'python_setup_py'
[0.684s] Level 1:colcon.colcon_core.package_identification:_identify(/home/hp/turtlebot3_ws/src/turtlebot3) by extensions ['ignore', 'ignore_ament_install']
[0.684s] Level 1:colcon.colcon_core.package_identification:_identify(/home/hp/turtlebot3_ws/src/turtlebot3) by extension 'ignore'
[0.685s] Level 1:colcon.colcon_core.package_identification:_identify(/home/hp/turtlebot3_ws/src/turtlebot3) by extension 'ignore_ament_install'
[0.685s] Level 1:colcon.colcon_core.package_identification:_identify(/home/hp/turtlebot3_ws/src/turtlebot3) by extensions ['colcon_pkg']
[0.685s] Level 1:colcon.colcon_core.package_identification:_identify(/home/hp/turtlebot3_ws/src/turtlebot3) by extension 'colcon_pkg'
[0.685s] Level 1:colcon.colcon_core.package_identification:_identify(/home/hp/turtlebot3_ws/src/turtlebot3) by extensions ['colcon_meta']
[0.685s] Level 1:colcon.colcon_core.package_identification:_identify(/home/hp/turtlebot3_ws/src/turtlebot3) by extension 'colcon_meta'
[0.685s] Level 1:colcon.colcon_core.package_identification:_identify(/home/hp/turtlebot3_ws/src/turtlebot3) by extensions ['ros']
[0.686s] Level 1:colcon.colcon_core.package_identification:_identify(/home/hp/turtlebot3_ws/src/turtlebot3) by extension 'ros'
[0.686s] Level 1:colcon.colcon_core.package_identification:_identify(/home/hp/turtlebot3_ws/src/turtlebot3) by extensions ['cmake', 'python']
[0.686s] Level 1:colcon.colcon_core.package_identification:_identify(/home/hp/turtlebot3_ws/src/turtlebot3) by extension 'cmake'
[0.687s] Level 1:colcon.colcon_core.package_identification:_identify(/home/hp/turtlebot3_ws/src/turtlebot3) by extension 'python'
[0.687s] Level 1:colcon.colcon_core.package_identification:_identify(/home/hp/turtlebot3_ws/src/turtlebot3) by extensions ['python_setup_py']
[0.687s] Level 1:colcon.colcon_core.package_identification:_identify(/home/hp/turtlebot3_ws/src/turtlebot3) by extension 'python_setup_py'
[0.687s] Level 1:colcon.colcon_core.package_identification:_identify(/home/hp/turtlebot3_ws/src/turtlebot3/turtlebot3) by extensions ['ignore', 'ignore_ament_install']
[0.688s] Level 1:colcon.colcon_core.package_identification:_identify(/home/hp/turtlebot3_ws/src/turtlebot3/turtlebot3) by extension 'ignore'
[0.688s] Level 1:colcon.colcon_core.package_identification:_identify(/home/hp/turtlebot3_ws/src/turtlebot3/turtlebot3) by extension 'ignore_ament_install'
[0.688s] Level 1:colcon.colcon_core.package_identification:_identify(/home/hp/turtlebot3_ws/src/turtlebot3/turtlebot3) by extensions ['colcon_pkg']
[0.688s] Level 1:colcon.colcon_core.package_identification:_identify(/home/hp/turtlebot3_ws/src/turtlebot3/turtlebot3) by extension 'colcon_pkg'
[0.689s] Level 1:colcon.colcon_core.package_identification:_identify(/home/hp/turtlebot3_ws/src/turtlebot3/turtlebot3) by extensions ['colcon_meta']
[0.689s] Level 1:colcon.colcon_core.package_identification:_identify(/home/hp/turtlebot3_ws/src/turtlebot3/turtlebot3) by extension 'colcon_meta'
[0.689s] Level 1:colcon.colcon_core.package_identification:_identify(/home/hp/turtlebot3_ws/src/turtlebot3/turtlebot3) by extensions ['ros']
[0.689s] Level 1:colcon.colcon_core.package_identification:_identify(/home/hp/turtlebot3_ws/src/turtlebot3/turtlebot3) by extension 'ros'
[0.699s] DEBUG:colcon.colcon_core.package_identification:Package '/home/hp/turtlebot3_ws/src/turtlebot3/turtlebot3' with type 'ros.ament_cmake' and name 'turtlebot3'
[0.700s] Level 1:colcon.colcon_core.package_identification:_identify(/home/hp/turtlebot3_ws/src/turtlebot3/turtlebot3_bringup) by extensions ['ignore', 'ignore_ament_install']
[0.700s] Level 1:colcon.colcon_core.package_identification:_identify(/home/hp/turtlebot3_ws/src/turtlebot3/turtlebot3_bringup) by extension 'ignore'
[0.701s] Level 1:colcon.colcon_core.package_identification:_identify(/home/hp/turtlebot3_ws/src/turtlebot3/turtlebot3_bringup) by extension 'ignore_ament_install'
[0.701s] Level 1:colcon.colcon_core.package_identification:_identify(/home/hp/turtlebot3_ws/src/turtlebot3/turtlebot3_bringup) by extensions ['colcon_pkg']
[0.701s] Level 1:colcon.colcon_core.package_identification:_identify(/home/hp/turtlebot3_ws/src/turtlebot3/turtlebot3_bringup) by extension 'colcon_pkg'
[0.702s] Level 1:colcon.colcon_core.package_identification:_identify(/home/hp/turtlebot3_ws/src/turtlebot3/turtlebot3_bringup) by extensions ['colcon_meta']
[0.702s] Level 1:colcon.colcon_core.package_identification:_identify(/home/hp/turtlebot3_ws/src/turtlebot3/turtlebot3_bringup) by extension 'colcon_meta'
[0.702s] Level 1:colcon.colcon_core.package_identification:_identify(/home/hp/turtlebot3_ws/src/turtlebot3/turtlebot3_bringup) by extensions ['ros']
[0.703s] Level 1:colcon.colcon_core.package_identification:_identify(/home/hp/turtlebot3_ws/src/turtlebot3/turtlebot3_bringup) by extension 'ros'
[0.705s] DEBUG:colcon.colcon_core.package_identification:Package '/home/hp/turtlebot3_ws/src/turtlebot3/turtlebot3_bringup' with type 'ros.ament_cmake' and name 'turtlebot3_bringup'
[0.705s] Level 1:colcon.colcon_core.package_identification:_identify(/home/hp/turtlebot3_ws/src/turtlebot3/turtlebot3_cartographer) by extensions ['ignore', 'ignore_ament_install']
[0.705s] Level 1:colcon.colcon_core.package_identification:_identify(/home/hp/turtlebot3_ws/src/turtlebot3/turtlebot3_cartographer) by extension 'ignore'
[0.706s] Level 1:colcon.colcon_core.package_identification:_identify(/home/hp/turtlebot3_ws/src/turtlebot3/turtlebot3_cartographer) by extension 'ignore_ament_install'
[0.706s] Level 1:colcon.colcon_core.package_identification:_identify(/home/hp/turtlebot3_ws/src/turtlebot3/turtlebot3_cartographer) by extensions ['colcon_pkg']
[0.706s] Level 1:colcon.colcon_core.package_identification:_identify(/home/hp/turtlebot3_ws/src/turtlebot3/turtlebot3_cartographer) by extension 'colcon_pkg'
[0.707s] Level 1:colcon.colcon_core.package_identification:_identify(/home/hp/turtlebot3_ws/src/turtlebot3/turtlebot3_cartographer) by extensions ['colcon_meta']
[0.707s] Level 1:colcon.colcon_core.package_identification:_identify(/home/hp/turtlebot3_ws/src/turtlebot3/turtlebot3_cartographer) by extension 'colcon_meta'
[0.707s] Level 1:colcon.colcon_core.package_identification:_identify(/home/hp/turtlebot3_ws/src/turtlebot3/turtlebot3_cartographer) by extensions ['ros']
[0.707s] Level 1:colcon.colcon_core.package_identification:_identify(/home/hp/turtlebot3_ws/src/turtlebot3/turtlebot3_cartographer) by extension 'ros'
[0.709s] DEBUG:colcon.colcon_core.package_identification:Package '/home/hp/turtlebot3_ws/src/turtlebot3/turtlebot3_cartographer' with type 'ros.ament_cmake' and name 'turtlebot3_cartographer'
[0.710s] Level 1:colcon.colcon_core.package_identification:_identify(/home/hp/turtlebot3_ws/src/turtlebot3/turtlebot3_description) by extensions ['ignore', 'ignore_ament_install']
[0.710s] Level 1:colcon.colcon_core.package_identification:_identify(/home/hp/turtlebot3_ws/src/turtlebot3/turtlebot3_description) by extension 'ignore'
[0.711s] Level 1:colcon.colcon_core.package_identification:_identify(/home/hp/turtlebot3_ws/src/turtlebot3/turtlebot3_description) by extension 'ignore_ament_install'
[0.711s] Level 1:colcon.colcon_core.package_identification:_identify(/home/hp/turtlebot3_ws/src/turtlebot3/turtlebot3_description) by extensions ['colcon_pkg']
[0.711s] Level 1:colcon.colcon_core.package_identification:_identify(/home/hp/turtlebot3_ws/src/turtlebot3/turtlebot3_description) by extension 'colcon_pkg'
[0.711s] Level 1:colcon.colcon_core.package_identification:_identify(/home/hp/turtlebot3_ws/src/turtlebot3/turtlebot3_description) by extensions ['colcon_meta']
[0.711s] Level 1:colcon.colcon_core.package_identification:_identify(/home/hp/turtlebot3_ws/src/turtlebot3/turtlebot3_description) by extension 'colcon_meta'
[0.712s] Level 1:colcon.colcon_core.package_identification:_identify(/home/hp/turtlebot3_ws/src/turtlebot3/turtlebot3_description) by extensions ['ros']
[0.712s] Level 1:colcon.colcon_core.package_identification:_identify(/home/hp/turtlebot3_ws/src/turtlebot3/turtlebot3_description) by extension 'ros'
[0.714s] DEBUG:colcon.colcon_core.package_identification:Package '/home/hp/turtlebot3_ws/src/turtlebot3/turtlebot3_description' with type 'ros.ament_cmake' and name 'turtlebot3_description'
[0.714s] Level 1:colcon.colcon_core.package_identification:_identify(/home/hp/turtlebot3_ws/src/turtlebot3/turtlebot3_example) by extensions ['ignore', 'ignore_ament_install']
[0.715s] Level 1:colcon.colcon_core.package_identification:_identify(/home/hp/turtlebot3_ws/src/turtlebot3/turtlebot3_example) by extension 'ignore'
[0.715s] Level 1:colcon.colcon_core.package_identification:_identify(/home/hp/turtlebot3_ws/src/turtlebot3/turtlebot3_example) by extension 'ignore_ament_install'
[0.715s] Level 1:colcon.colcon_core.package_identification:_identify(/home/hp/turtlebot3_ws/src/turtlebot3/turtlebot3_example) by extensions ['colcon_pkg']
[0.715s] Level 1:colcon.colcon_core.package_identification:_identify(/home/hp/turtlebot3_ws/src/turtlebot3/turtlebot3_example) by extension 'colcon_pkg'
[0.716s] Level 1:colcon.colcon_core.package_identification:_identify(/home/hp/turtlebot3_ws/src/turtlebot3/turtlebot3_example) by extensions ['colcon_meta']
[0.716s] Level 1:colcon.colcon_core.package_identification:_identify(/home/hp/turtlebot3_ws/src/turtlebot3/turtlebot3_example) by extension 'colcon_meta'
[0.716s] Level 1:colcon.colcon_core.package_identification:_identify(/home/hp/turtlebot3_ws/src/turtlebot3/turtlebot3_example) by extensions ['ros']
[0.716s] Level 1:colcon.colcon_core.package_identification:_identify(/home/hp/turtlebot3_ws/src/turtlebot3/turtlebot3_example) by extension 'ros'
[0.719s] DEBUG:colcon.colcon_core.package_identification:Package '/home/hp/turtlebot3_ws/src/turtlebot3/turtlebot3_example' with type 'ros.ament_python' and name 'turtlebot3_example'
[0.720s] Level 1:colcon.colcon_core.package_identification:_identify(/home/hp/turtlebot3_ws/src/turtlebot3/turtlebot3_navigation2) by extensions ['ignore', 'ignore_ament_install']
[0.720s] Level 1:colcon.colcon_core.package_identification:_identify(/home/hp/turtlebot3_ws/src/turtlebot3/turtlebot3_navigation2) by extension 'ignore'
[0.720s] Level 1:colcon.colcon_core.package_identification:_identify(/home/hp/turtlebot3_ws/src/turtlebot3/turtlebot3_navigation2) by extension 'ignore_ament_install'
[0.721s] Level 1:colcon.colcon_core.package_identification:_identify(/home/hp/turtlebot3_ws/src/turtlebot3/turtlebot3_navigation2) by extensions ['colcon_pkg']
[0.721s] Level 1:colcon.colcon_core.package_identification:_identify(/home/hp/turtlebot3_ws/src/turtlebot3/turtlebot3_navigation2) by extension 'colcon_pkg'
[0.721s] Level 1:colcon.colcon_core.package_identification:_identify(/home/hp/turtlebot3_ws/src/turtlebot3/turtlebot3_navigation2) by extensions ['colcon_meta']
[0.721s] Level 1:colcon.colcon_core.package_identification:_identify(/home/hp/turtlebot3_ws/src/turtlebot3/turtlebot3_navigation2) by extension 'colcon_meta'
[0.721s] Level 1:colcon.colcon_core.package_identification:_identify(/home/hp/turtlebot3_ws/src/turtlebot3/turtlebot3_navigation2) by extensions ['ros']
[0.721s] Level 1:colcon.colcon_core.package_identification:_identify(/home/hp/turtlebot3_ws/src/turtlebot3/turtlebot3_navigation2) by extension 'ros'
[0.723s] DEBUG:colcon.colcon_core.package_identification:Package '/home/hp/turtlebot3_ws/src/turtlebot3/turtlebot3_navigation2' with type 'ros.ament_cmake' and name 'turtlebot3_navigation2'
[0.723s] Level 1:colcon.colcon_core.package_identification:_identify(/home/hp/turtlebot3_ws/src/turtlebot3/turtlebot3_node) by extensions ['ignore', 'ignore_ament_install']
[0.723s] Level 1:colcon.colcon_core.package_identification:_identify(/home/hp/turtlebot3_ws/src/turtlebot3/turtlebot3_node) by extension 'ignore'
[0.723s] Level 1:colcon.colcon_core.package_identification:_identify(/home/hp/turtlebot3_ws/src/turtlebot3/turtlebot3_node) by extension 'ignore_ament_install'
[0.724s] Level 1:colcon.colcon_core.package_identification:_identify(/home/hp/turtlebot3_ws/src/turtlebot3/turtlebot3_node) by extensions ['colcon_pkg']
[0.724s] Level 1:colcon.colcon_core.package_identification:_identify(/home/hp/turtlebot3_ws/src/turtlebot3/turtlebot3_node) by extension 'colcon_pkg'
[0.724s] Level 1:colcon.colcon_core.package_identification:_identify(/home/hp/turtlebot3_ws/src/turtlebot3/turtlebot3_node) by extensions ['colcon_meta']
[0.724s] Level 1:colcon.colcon_core.package_identification:_identify(/home/hp/turtlebot3_ws/src/turtlebot3/turtlebot3_node) by extension 'colcon_meta'
[0.724s] Level 1:colcon.colcon_core.package_identification:_identify(/home/hp/turtlebot3_ws/src/turtlebot3/turtlebot3_node) by extensions ['ros']
[0.724s] Level 1:colcon.colcon_core.package_identification:_identify(/home/hp/turtlebot3_ws/src/turtlebot3/turtlebot3_node) by extension 'ros'
[0.728s] DEBUG:colcon.colcon_core.package_identification:Package '/home/hp/turtlebot3_ws/src/turtlebot3/turtlebot3_node' with type 'ros.ament_cmake' and name 'turtlebot3_node'
[0.728s] Level 1:colcon.colcon_core.package_identification:_identify(/home/hp/turtlebot3_ws/src/turtlebot3/turtlebot3_teleop) by extensions ['ignore', 'ignore_ament_install']
[0.728s] Level 1:colcon.colcon_core.package_identification:_identify(/home/hp/turtlebot3_ws/src/turtlebot3/turtlebot3_teleop) by extension 'ignore'
[0.729s] Level 1:colcon.colcon_core.package_identification:_identify(/home/hp/turtlebot3_ws/src/turtlebot3/turtlebot3_teleop) by extension 'ignore_ament_install'
[0.729s] Level 1:colcon.colcon_core.package_identification:_identify(/home/hp/turtlebot3_ws/src/turtlebot3/turtlebot3_teleop) by extensions ['colcon_pkg']
[0.729s] Level 1:colcon.colcon_core.package_identification:_identify(/home/hp/turtlebot3_ws/src/turtlebot3/turtlebot3_teleop) by extension 'colcon_pkg'
[0.729s] Level 1:colcon.colcon_core.package_identification:_identify(/home/hp/turtlebot3_ws/src/turtlebot3/turtlebot3_teleop) by extensions ['colcon_meta']
[0.729s] Level 1:colcon.colcon_core.package_identification:_identify(/home/hp/turtlebot3_ws/src/turtlebot3/turtlebot3_teleop) by extension 'colcon_meta'
[0.729s] Level 1:colcon.colcon_core.package_identification:_identify(/home/hp/turtlebot3_ws/src/turtlebot3/turtlebot3_teleop) by extensions ['ros']
[0.729s] Level 1:colcon.colcon_core.package_identification:_identify(/home/hp/turtlebot3_ws/src/turtlebot3/turtlebot3_teleop) by extension 'ros'
[0.730s] DEBUG:colcon.colcon_core.package_identification:Package '/home/hp/turtlebot3_ws/src/turtlebot3/turtlebot3_teleop' with type 'ros.ament_python' and name 'turtlebot3_teleop'
[0.731s] Level 1:colcon.colcon_core.package_identification:_identify(/home/hp/turtlebot3_ws/src/turtlebot3_simulations) by extensions ['ignore', 'ignore_ament_install']
[0.731s] Level 1:colcon.colcon_core.package_identification:_identify(/home/hp/turtlebot3_ws/src/turtlebot3_simulations) by extension 'ignore'
[0.731s] Level 1:colcon.colcon_core.package_identification:_identify(/home/hp/turtlebot3_ws/src/turtlebot3_simulations) by extension 'ignore_ament_install'
[0.732s] Level 1:colcon.colcon_core.package_identification:_identify(/home/hp/turtlebot3_ws/src/turtlebot3_simulations) by extensions ['colcon_pkg']
[0.732s] Level 1:colcon.colcon_core.package_identification:_identify(/home/hp/turtlebot3_ws/src/turtlebot3_simulations) by extension 'colcon_pkg'
[0.732s] Level 1:colcon.colcon_core.package_identification:_identify(/home/hp/turtlebot3_ws/src/turtlebot3_simulations) by extensions ['colcon_meta']
[0.732s] Level 1:colcon.colcon_core.package_identification:_identify(/home/hp/turtlebot3_ws/src/turtlebot3_simulations) by extension 'colcon_meta'
[0.732s] Level 1:colcon.colcon_core.package_identification:_identify(/home/hp/turtlebot3_ws/src/turtlebot3_simulations) by extensions ['ros']
[0.732s] Level 1:colcon.colcon_core.package_identification:_identify(/home/hp/turtlebot3_ws/src/turtlebot3_simulations) by extension 'ros'
[0.733s] Level 1:colcon.colcon_core.package_identification:_identify(/home/hp/turtlebot3_ws/src/turtlebot3_simulations) by extensions ['cmake', 'python']
[0.733s] Level 1:colcon.colcon_core.package_identification:_identify(/home/hp/turtlebot3_ws/src/turtlebot3_simulations) by extension 'cmake'
[0.733s] Level 1:colcon.colcon_core.package_identification:_identify(/home/hp/turtlebot3_ws/src/turtlebot3_simulations) by extension 'python'
[0.733s] Level 1:colcon.colcon_core.package_identification:_identify(/home/hp/turtlebot3_ws/src/turtlebot3_simulations) by extensions ['python_setup_py']
[0.733s] Level 1:colcon.colcon_core.package_identification:_identify(/home/hp/turtlebot3_ws/src/turtlebot3_simulations) by extension 'python_setup_py'
[0.733s] Level 1:colcon.colcon_core.package_identification:_identify(/home/hp/turtlebot3_ws/src/turtlebot3_simulations/turtlebot3_fake_node) by extensions ['ignore', 'ignore_ament_install']
[0.733s] Level 1:colcon.colcon_core.package_identification:_identify(/home/hp/turtlebot3_ws/src/turtlebot3_simulations/turtlebot3_fake_node) by extension 'ignore'
[0.734s] Level 1:colcon.colcon_core.package_identification:_identify(/home/hp/turtlebot3_ws/src/turtlebot3_simulations/turtlebot3_fake_node) by extension 'ignore_ament_install'
[0.734s] Level 1:colcon.colcon_core.package_identification:_identify(/home/hp/turtlebot3_ws/src/turtlebot3_simulations/turtlebot3_fake_node) by extensions ['colcon_pkg']
[0.734s] Level 1:colcon.colcon_core.package_identification:_identify(/home/hp/turtlebot3_ws/src/turtlebot3_simulations/turtlebot3_fake_node) by extension 'colcon_pkg'
[0.734s] Level 1:colcon.colcon_core.package_identification:_identify(/home/hp/turtlebot3_ws/src/turtlebot3_simulations/turtlebot3_fake_node) by extensions ['colcon_meta']
[0.734s] Level 1:colcon.colcon_core.package_identification:_identify(/home/hp/turtlebot3_ws/src/turtlebot3_simulations/turtlebot3_fake_node) by extension 'colcon_meta'
[0.734s] Level 1:colcon.colcon_core.package_identification:_identify(/home/hp/turtlebot3_ws/src/turtlebot3_simulations/turtlebot3_fake_node) by extensions ['ros']
[0.734s] Level 1:colcon.colcon_core.package_identification:_identify(/home/hp/turtlebot3_ws/src/turtlebot3_simulations/turtlebot3_fake_node) by extension 'ros'
[0.738s] DEBUG:colcon.colcon_core.package_identification:Package '/home/hp/turtlebot3_ws/src/turtlebot3_simulations/turtlebot3_fake_node' with type 'ros.ament_cmake' and name 'turtlebot3_fake_node'
[0.738s] Level 1:colcon.colcon_core.package_identification:_identify(/home/hp/turtlebot3_ws/src/turtlebot3_simulations/turtlebot3_gazebo) by extensions ['ignore', 'ignore_ament_install']
[0.738s] Level 1:colcon.colcon_core.package_identification:_identify(/home/hp/turtlebot3_ws/src/turtlebot3_simulations/turtlebot3_gazebo) by extension 'ignore'
[0.738s] Level 1:colcon.colcon_core.package_identification:_identify(/home/hp/turtlebot3_ws/src/turtlebot3_simulations/turtlebot3_gazebo) by extension 'ignore_ament_install'
[0.739s] Level 1:colcon.colcon_core.package_identification:_identify(/home/hp/turtlebot3_ws/src/turtlebot3_simulations/turtlebot3_gazebo) by extensions ['colcon_pkg']
[0.739s] Level 1:colcon.colcon_core.package_identification:_identify(/home/hp/turtlebot3_ws/src/turtlebot3_simulations/turtlebot3_gazebo) by extension 'colcon_pkg'
[0.739s] Level 1:colcon.colcon_core.package_identification:_identify(/home/hp/turtlebot3_ws/src/turtlebot3_simulations/turtlebot3_gazebo) by extensions ['colcon_meta']
[0.739s] Level 1:colcon.colcon_core.package_identification:_identify(/home/hp/turtlebot3_ws/src/turtlebot3_simulations/turtlebot3_gazebo) by extension 'colcon_meta'
[0.740s] Level 1:colcon.colcon_core.package_identification:_identify(/home/hp/turtlebot3_ws/src/turtlebot3_simulations/turtlebot3_gazebo) by extensions ['ros']
[0.740s] Level 1:colcon.colcon_core.package_identification:_identify(/home/hp/turtlebot3_ws/src/turtlebot3_simulations/turtlebot3_gazebo) by extension 'ros'
[0.743s] DEBUG:colcon.colcon_core.package_identification:Package '/home/hp/turtlebot3_ws/src/turtlebot3_simulations/turtlebot3_gazebo' with type 'ros.ament_cmake' and name 'turtlebot3_gazebo'
[0.743s] Level 1:colcon.colcon_core.package_identification:_identify(/home/hp/turtlebot3_ws/src/turtlebot3_simulations/turtlebot3_simulations) by extensions ['ignore', 'ignore_ament_install']
[0.743s] Level 1:colcon.colcon_core.package_identification:_identify(/home/hp/turtlebot3_ws/src/turtlebot3_simulations/turtlebot3_simulations) by extension 'ignore'
[0.743s] Level 1:colcon.colcon_core.package_identification:_identify(/home/hp/turtlebot3_ws/src/turtlebot3_simulations/turtlebot3_simulations) by extension 'ignore_ament_install'
[0.744s] Level 1:colcon.colcon_core.package_identification:_identify(/home/hp/turtlebot3_ws/src/turtlebot3_simulations/turtlebot3_simulations) by extensions ['colcon_pkg']
[0.744s] Level 1:colcon.colcon_core.package_identification:_identify(/home/hp/turtlebot3_ws/src/turtlebot3_simulations/turtlebot3_simulations) by extension 'colcon_pkg'
[0.744s] Level 1:colcon.colcon_core.package_identification:_identify(/home/hp/turtlebot3_ws/src/turtlebot3_simulations/turtlebot3_simulations) by extensions ['colcon_meta']
[0.744s] Level 1:colcon.colcon_core.package_identification:_identify(/home/hp/turtlebot3_ws/src/turtlebot3_simulations/turtlebot3_simulations) by extension 'colcon_meta'
[0.744s] Level 1:colcon.colcon_core.package_identification:_identify(/home/hp/turtlebot3_ws/src/turtlebot3_simulations/turtlebot3_simulations) by extensions ['ros']
[0.744s] Level 1:colcon.colcon_core.package_identification:_identify(/home/hp/turtlebot3_ws/src/turtlebot3_simulations/turtlebot3_simulations) by extension 'ros'
[0.745s] DEBUG:colcon.colcon_core.package_identification:Package '/home/hp/turtlebot3_ws/src/turtlebot3_simulations/turtlebot3_simulations' with type 'ros.ament_cmake' and name 'turtlebot3_simulations'
[0.746s] Level 1:colcon.colcon_core.package_discovery:discover_packages(recursive) using defaults
