[0.151s] Invoking command in '/home/hp/turtlebot3_ws/build/turtlebot3_manipulator_gazebo': CMAKE_PREFIX_PATH=/home/hp/turtlebot3_ws/install/turtlebot3_gazebo:/home/hp/turtlebot3_ws/install/turtlebot3_description:/home/hp/turtlebot3_ws/install/turtlebot3:/home/hp/turtlebot3_ws/install/turtlebot3_simulations:/home/hp/turtlebot3_ws/install/turtlebot3_bringup:/home/hp/turtlebot3_ws/install/turtlebot3_node:/home/hp/turtlebot3_ws/install/turtlebot3_navigation2:/home/hp/turtlebot3_ws/install/turtlebot3_fake_node:/home/hp/turtlebot3_ws/install/turtlebot3_cartographer:/usr/share/gazebo:/opt/ros/jazzy/opt/gz_sim_vendor:/opt/ros/jazzy/opt/gz_sensors_vendor:/opt/ros/jazzy/opt/gz_physics_vendor:/opt/ros/jazzy/opt/sdformat_vendor:/opt/ros/jazzy/opt/gz_gui_vendor:/opt/ros/jazzy/opt/gz_transport_vendor:/opt/ros/jazzy/opt/gz_rendering_vendor:/opt/ros/jazzy/opt/gz_plugin_vendor:/opt/ros/jazzy/opt/gz_fuel_tools_vendor:/opt/ros/jazzy/opt/gz_msgs_vendor:/opt/ros/jazzy/opt/gz_common_vendor:/opt/ros/jazzy/opt/gz_math_vendor:/opt/ros/jazzy/opt/gz_utils_vendor:/opt/ros/jazzy/opt/gz_tools_vendor:/opt/ros/jazzy/opt/gz_ogre_next_vendor:/opt/ros/jazzy/opt/gz_dartsim_vendor:/opt/ros/jazzy/opt/gz_cmake_vendor:/home/hp/turtlebot3_ws/install/turtlebot3_teleop:/home/hp/turtlebot3_ws/install/turtlebot3_example:/opt/ros/jazzy DEBUGINFOD_URLS=https://debuginfod.ubuntu.com /usr/bin/cmake /home/hp/turtlebot3_ws/src/turtlebot3_manipulator_gazebo -DAMENT_CMAKE_SYMLINK_INSTALL=1 -DCMAKE_INSTALL_PREFIX=/home/hp/turtlebot3_ws/install/turtlebot3_manipulator_gazebo
[1.727s] -- The C compiler identification is GNU 13.3.0
[2.498s] -- The CXX compiler identification is GNU 13.3.0
[2.633s] -- Detecting C compiler ABI info
[3.115s] -- Detecting C compiler ABI info - done
[3.155s] -- Check for working C compiler: /usr/bin/cc - skipped
[3.157s] -- Detecting C compile features
[3.164s] -- Detecting C compile features - done
[3.223s] -- Detecting CXX compiler ABI info
[3.583s] -- Detecting CXX compiler ABI info - done
[3.615s] -- Check for working CXX compiler: /usr/bin/c++ - skipped
[3.618s] -- Detecting CXX compile features
[3.620s] -- Detecting CXX compile features - done
[3.719s] -- Found ament_cmake: 2.5.3 (/opt/ros/jazzy/share/ament_cmake/cmake)
[4.484s] -- Found Python3: /usr/bin/python3 (found version "3.12.3") found components: Interpreter 
[4.857s] -- Override CMake install command with custom implementation using symlinks instead of copying resources
[5.213s] -- Found ament_lint_auto: 0.17.2 (/opt/ros/jazzy/share/ament_lint_auto/cmake)
[5.749s] -- Added test 'flake8' to check Python code syntax and style conventions
[5.749s] -- Configured 'flake8' exclude dirs and/or files: 
[5.754s] -- Added test 'lint_cmake' to check CMake code style
[5.759s] -- Added test 'pep257' to check Python code against some of the docstring style conventions in PEP 257
[5.768s] -- Added test 'xmllint' to check XML markup files
[5.785s] -- Configuring done (5.2s)
[5.797s] -- Generating done (0.0s)
[5.819s] -- Build files have been written to: /home/hp/turtlebot3_ws/build/turtlebot3_manipulator_gazebo
[5.841s] Invoked command in '/home/hp/turtlebot3_ws/build/turtlebot3_manipulator_gazebo' returned '0': CMAKE_PREFIX_PATH=/home/hp/turtlebot3_ws/install/turtlebot3_gazebo:/home/hp/turtlebot3_ws/install/turtlebot3_description:/home/hp/turtlebot3_ws/install/turtlebot3:/home/hp/turtlebot3_ws/install/turtlebot3_simulations:/home/hp/turtlebot3_ws/install/turtlebot3_bringup:/home/hp/turtlebot3_ws/install/turtlebot3_node:/home/hp/turtlebot3_ws/install/turtlebot3_navigation2:/home/hp/turtlebot3_ws/install/turtlebot3_fake_node:/home/hp/turtlebot3_ws/install/turtlebot3_cartographer:/usr/share/gazebo:/opt/ros/jazzy/opt/gz_sim_vendor:/opt/ros/jazzy/opt/gz_sensors_vendor:/opt/ros/jazzy/opt/gz_physics_vendor:/opt/ros/jazzy/opt/sdformat_vendor:/opt/ros/jazzy/opt/gz_gui_vendor:/opt/ros/jazzy/opt/gz_transport_vendor:/opt/ros/jazzy/opt/gz_rendering_vendor:/opt/ros/jazzy/opt/gz_plugin_vendor:/opt/ros/jazzy/opt/gz_fuel_tools_vendor:/opt/ros/jazzy/opt/gz_msgs_vendor:/opt/ros/jazzy/opt/gz_common_vendor:/opt/ros/jazzy/opt/gz_math_vendor:/opt/ros/jazzy/opt/gz_utils_vendor:/opt/ros/jazzy/opt/gz_tools_vendor:/opt/ros/jazzy/opt/gz_ogre_next_vendor:/opt/ros/jazzy/opt/gz_dartsim_vendor:/opt/ros/jazzy/opt/gz_cmake_vendor:/home/hp/turtlebot3_ws/install/turtlebot3_teleop:/home/hp/turtlebot3_ws/install/turtlebot3_example:/opt/ros/jazzy DEBUGINFOD_URLS=https://debuginfod.ubuntu.com /usr/bin/cmake /home/hp/turtlebot3_ws/src/turtlebot3_manipulator_gazebo -DAMENT_CMAKE_SYMLINK_INSTALL=1 -DCMAKE_INSTALL_PREFIX=/home/hp/turtlebot3_ws/install/turtlebot3_manipulator_gazebo
[5.844s] Invoking command in '/home/hp/turtlebot3_ws/build/turtlebot3_manipulator_gazebo': CMAKE_PREFIX_PATH=/home/hp/turtlebot3_ws/install/turtlebot3_gazebo:/home/hp/turtlebot3_ws/install/turtlebot3_description:/home/hp/turtlebot3_ws/install/turtlebot3:/home/hp/turtlebot3_ws/install/turtlebot3_simulations:/home/hp/turtlebot3_ws/install/turtlebot3_bringup:/home/hp/turtlebot3_ws/install/turtlebot3_node:/home/hp/turtlebot3_ws/install/turtlebot3_navigation2:/home/hp/turtlebot3_ws/install/turtlebot3_fake_node:/home/hp/turtlebot3_ws/install/turtlebot3_cartographer:/usr/share/gazebo:/opt/ros/jazzy/opt/gz_sim_vendor:/opt/ros/jazzy/opt/gz_sensors_vendor:/opt/ros/jazzy/opt/gz_physics_vendor:/opt/ros/jazzy/opt/sdformat_vendor:/opt/ros/jazzy/opt/gz_gui_vendor:/opt/ros/jazzy/opt/gz_transport_vendor:/opt/ros/jazzy/opt/gz_rendering_vendor:/opt/ros/jazzy/opt/gz_plugin_vendor:/opt/ros/jazzy/opt/gz_fuel_tools_vendor:/opt/ros/jazzy/opt/gz_msgs_vendor:/opt/ros/jazzy/opt/gz_common_vendor:/opt/ros/jazzy/opt/gz_math_vendor:/opt/ros/jazzy/opt/gz_utils_vendor:/opt/ros/jazzy/opt/gz_tools_vendor:/opt/ros/jazzy/opt/gz_ogre_next_vendor:/opt/ros/jazzy/opt/gz_dartsim_vendor:/opt/ros/jazzy/opt/gz_cmake_vendor:/home/hp/turtlebot3_ws/install/turtlebot3_teleop:/home/hp/turtlebot3_ws/install/turtlebot3_example:/opt/ros/jazzy DEBUGINFOD_URLS=https://debuginfod.ubuntu.com /usr/bin/cmake --build /home/hp/turtlebot3_ws/build/turtlebot3_manipulator_gazebo -- -j4 -l4
[5.980s] Invoked command in '/home/hp/turtlebot3_ws/build/turtlebot3_manipulator_gazebo' returned '0': CMAKE_PREFIX_PATH=/home/hp/turtlebot3_ws/install/turtlebot3_gazebo:/home/hp/turtlebot3_ws/install/turtlebot3_description:/home/hp/turtlebot3_ws/install/turtlebot3:/home/hp/turtlebot3_ws/install/turtlebot3_simulations:/home/hp/turtlebot3_ws/install/turtlebot3_bringup:/home/hp/turtlebot3_ws/install/turtlebot3_node:/home/hp/turtlebot3_ws/install/turtlebot3_navigation2:/home/hp/turtlebot3_ws/install/turtlebot3_fake_node:/home/hp/turtlebot3_ws/install/turtlebot3_cartographer:/usr/share/gazebo:/opt/ros/jazzy/opt/gz_sim_vendor:/opt/ros/jazzy/opt/gz_sensors_vendor:/opt/ros/jazzy/opt/gz_physics_vendor:/opt/ros/jazzy/opt/sdformat_vendor:/opt/ros/jazzy/opt/gz_gui_vendor:/opt/ros/jazzy/opt/gz_transport_vendor:/opt/ros/jazzy/opt/gz_rendering_vendor:/opt/ros/jazzy/opt/gz_plugin_vendor:/opt/ros/jazzy/opt/gz_fuel_tools_vendor:/opt/ros/jazzy/opt/gz_msgs_vendor:/opt/ros/jazzy/opt/gz_common_vendor:/opt/ros/jazzy/opt/gz_math_vendor:/opt/ros/jazzy/opt/gz_utils_vendor:/opt/ros/jazzy/opt/gz_tools_vendor:/opt/ros/jazzy/opt/gz_ogre_next_vendor:/opt/ros/jazzy/opt/gz_dartsim_vendor:/opt/ros/jazzy/opt/gz_cmake_vendor:/home/hp/turtlebot3_ws/install/turtlebot3_teleop:/home/hp/turtlebot3_ws/install/turtlebot3_example:/opt/ros/jazzy DEBUGINFOD_URLS=https://debuginfod.ubuntu.com /usr/bin/cmake --build /home/hp/turtlebot3_ws/build/turtlebot3_manipulator_gazebo -- -j4 -l4
[6.014s] Invoking command in '/home/hp/turtlebot3_ws/build/turtlebot3_manipulator_gazebo': CMAKE_PREFIX_PATH=/home/hp/turtlebot3_ws/install/turtlebot3_gazebo:/home/hp/turtlebot3_ws/install/turtlebot3_description:/home/hp/turtlebot3_ws/install/turtlebot3:/home/hp/turtlebot3_ws/install/turtlebot3_simulations:/home/hp/turtlebot3_ws/install/turtlebot3_bringup:/home/hp/turtlebot3_ws/install/turtlebot3_node:/home/hp/turtlebot3_ws/install/turtlebot3_navigation2:/home/hp/turtlebot3_ws/install/turtlebot3_fake_node:/home/hp/turtlebot3_ws/install/turtlebot3_cartographer:/usr/share/gazebo:/opt/ros/jazzy/opt/gz_sim_vendor:/opt/ros/jazzy/opt/gz_sensors_vendor:/opt/ros/jazzy/opt/gz_physics_vendor:/opt/ros/jazzy/opt/sdformat_vendor:/opt/ros/jazzy/opt/gz_gui_vendor:/opt/ros/jazzy/opt/gz_transport_vendor:/opt/ros/jazzy/opt/gz_rendering_vendor:/opt/ros/jazzy/opt/gz_plugin_vendor:/opt/ros/jazzy/opt/gz_fuel_tools_vendor:/opt/ros/jazzy/opt/gz_msgs_vendor:/opt/ros/jazzy/opt/gz_common_vendor:/opt/ros/jazzy/opt/gz_math_vendor:/opt/ros/jazzy/opt/gz_utils_vendor:/opt/ros/jazzy/opt/gz_tools_vendor:/opt/ros/jazzy/opt/gz_ogre_next_vendor:/opt/ros/jazzy/opt/gz_dartsim_vendor:/opt/ros/jazzy/opt/gz_cmake_vendor:/home/hp/turtlebot3_ws/install/turtlebot3_teleop:/home/hp/turtlebot3_ws/install/turtlebot3_example:/opt/ros/jazzy DEBUGINFOD_URLS=https://debuginfod.ubuntu.com /usr/bin/cmake --install /home/hp/turtlebot3_ws/build/turtlebot3_manipulator_gazebo
[6.039s] -- Install configuration: ""
[6.041s] -- Execute custom install script
[6.042s] -- Symlinking: /home/hp/turtlebot3_ws/install/turtlebot3_manipulator_gazebo/share/ament_index/resource_index/package_run_dependencies/turtlebot3_manipulator_gazebo
[6.084s] -- Symlinking: /home/hp/turtlebot3_ws/install/turtlebot3_manipulator_gazebo/share/ament_index/resource_index/parent_prefix_path/turtlebot3_manipulator_gazebo
[6.109s] -- Symlinking: /home/hp/turtlebot3_ws/install/turtlebot3_manipulator_gazebo/share/turtlebot3_manipulator_gazebo/environment/ament_prefix_path.sh
[6.151s] -- Symlinking: /home/hp/turtlebot3_ws/install/turtlebot3_manipulator_gazebo/share/turtlebot3_manipulator_gazebo/environment/ament_prefix_path.dsv
[6.186s] -- Symlinking: /home/hp/turtlebot3_ws/install/turtlebot3_manipulator_gazebo/share/turtlebot3_manipulator_gazebo/environment/path.sh
[6.210s] -- Symlinking: /home/hp/turtlebot3_ws/install/turtlebot3_manipulator_gazebo/share/turtlebot3_manipulator_gazebo/environment/path.dsv
[6.246s] -- Symlinking: /home/hp/turtlebot3_ws/install/turtlebot3_manipulator_gazebo/share/turtlebot3_manipulator_gazebo/local_setup.bash
[6.279s] -- Symlinking: /home/hp/turtlebot3_ws/install/turtlebot3_manipulator_gazebo/share/turtlebot3_manipulator_gazebo/local_setup.sh
[6.307s] -- Symlinking: /home/hp/turtlebot3_ws/install/turtlebot3_manipulator_gazebo/share/turtlebot3_manipulator_gazebo/local_setup.zsh
[6.340s] -- Symlinking: /home/hp/turtlebot3_ws/install/turtlebot3_manipulator_gazebo/share/turtlebot3_manipulator_gazebo/local_setup.dsv
[6.376s] -- Symlinking: /home/hp/turtlebot3_ws/install/turtlebot3_manipulator_gazebo/share/turtlebot3_manipulator_gazebo/package.dsv
[6.400s] -- Symlinking: /home/hp/turtlebot3_ws/install/turtlebot3_manipulator_gazebo/share/ament_index/resource_index/packages/turtlebot3_manipulator_gazebo
[6.429s] -- Symlinking: /home/hp/turtlebot3_ws/install/turtlebot3_manipulator_gazebo/share/turtlebot3_manipulator_gazebo/cmake/turtlebot3_manipulator_gazeboConfig.cmake
[6.454s] -- Symlinking: /home/hp/turtlebot3_ws/install/turtlebot3_manipulator_gazebo/share/turtlebot3_manipulator_gazebo/cmake/turtlebot3_manipulator_gazeboConfig-version.cmake
[6.485s] -- Symlinking: /home/hp/turtlebot3_ws/install/turtlebot3_manipulator_gazebo/share/turtlebot3_manipulator_gazebo/package.xml
[6.520s] Invoked command in '/home/hp/turtlebot3_ws/build/turtlebot3_manipulator_gazebo' returned '0': CMAKE_PREFIX_PATH=/home/hp/turtlebot3_ws/install/turtlebot3_gazebo:/home/hp/turtlebot3_ws/install/turtlebot3_description:/home/hp/turtlebot3_ws/install/turtlebot3:/home/hp/turtlebot3_ws/install/turtlebot3_simulations:/home/hp/turtlebot3_ws/install/turtlebot3_bringup:/home/hp/turtlebot3_ws/install/turtlebot3_node:/home/hp/turtlebot3_ws/install/turtlebot3_navigation2:/home/hp/turtlebot3_ws/install/turtlebot3_fake_node:/home/hp/turtlebot3_ws/install/turtlebot3_cartographer:/usr/share/gazebo:/opt/ros/jazzy/opt/gz_sim_vendor:/opt/ros/jazzy/opt/gz_sensors_vendor:/opt/ros/jazzy/opt/gz_physics_vendor:/opt/ros/jazzy/opt/sdformat_vendor:/opt/ros/jazzy/opt/gz_gui_vendor:/opt/ros/jazzy/opt/gz_transport_vendor:/opt/ros/jazzy/opt/gz_rendering_vendor:/opt/ros/jazzy/opt/gz_plugin_vendor:/opt/ros/jazzy/opt/gz_fuel_tools_vendor:/opt/ros/jazzy/opt/gz_msgs_vendor:/opt/ros/jazzy/opt/gz_common_vendor:/opt/ros/jazzy/opt/gz_math_vendor:/opt/ros/jazzy/opt/gz_utils_vendor:/opt/ros/jazzy/opt/gz_tools_vendor:/opt/ros/jazzy/opt/gz_ogre_next_vendor:/opt/ros/jazzy/opt/gz_dartsim_vendor:/opt/ros/jazzy/opt/gz_cmake_vendor:/home/hp/turtlebot3_ws/install/turtlebot3_teleop:/home/hp/turtlebot3_ws/install/turtlebot3_example:/opt/ros/jazzy DEBUGINFOD_URLS=https://debuginfod.ubuntu.com /usr/bin/cmake --install /home/hp/turtlebot3_ws/build/turtlebot3_manipulator_gazebo
