[0.153s] Invoking command in '/home/hp/turtlebot3_ws/build/turtlebot3_description': CMAKE_PREFIX_PATH=${CMAKE_PREFIX_PATH}:/opt/ros/jazzy DEBUGINFOD_URLS=https://debuginfod.ubuntu.com /usr/bin/cmake /home/hp/turtlebot3_ws/src/turtlebot3/turtlebot3_description -DCMAKE_INSTALL_PREFIX=/home/hp/turtlebot3_ws/install/turtlebot3_description
[1.307s] -- The C compiler identification is GNU 13.3.0
[3.754s] -- The CXX compiler identification is GNU 13.3.0
[3.929s] -- Detecting C compiler ABI info
[4.444s] -- Detecting C compiler ABI info - done
[4.469s] -- Check for working C compiler: /usr/bin/cc - skipped
[4.469s] -- Detecting C compile features
[4.471s] -- Detecting C compile features - done
[4.505s] -- Detecting CXX compiler ABI info
[4.807s] -- Detecting CXX compiler ABI info - done
[4.835s] -- Check for working CXX compiler: /usr/bin/c++ - skipped
[4.836s] -- Detecting CXX compile features
[4.837s] -- Detecting CXX compile features - done
[5.007s] -- Found ament_cmake: 2.5.3 (/opt/ros/jazzy/share/ament_cmake/cmake)
[5.440s] -- Found Python3: /usr/bin/python3 (found version "3.12.3") found components: Interpreter 
[5.993s] -- Found urdf: 2.10.0 (/opt/ros/jazzy/share/urdf/cmake)
[6.219s] -- Found TinyXML2 via Config file: /usr/lib/x86_64-linux-gnu/cmake/tinyxml2
[6.495s] -- Configuring done (5.9s)
[6.515s] -- Generating done (0.0s)
[6.519s] -- Build files have been written to: /home/hp/turtlebot3_ws/build/turtlebot3_description
[6.544s] Invoked command in '/home/hp/turtlebot3_ws/build/turtlebot3_description' returned '0': CMAKE_PREFIX_PATH=${CMAKE_PREFIX_PATH}:/opt/ros/jazzy DEBUGINFOD_URLS=https://debuginfod.ubuntu.com /usr/bin/cmake /home/hp/turtlebot3_ws/src/turtlebot3/turtlebot3_description -DCMAKE_INSTALL_PREFIX=/home/hp/turtlebot3_ws/install/turtlebot3_description
[6.549s] Invoking command in '/home/hp/turtlebot3_ws/build/turtlebot3_description': CMAKE_PREFIX_PATH=${CMAKE_PREFIX_PATH}:/opt/ros/jazzy DEBUGINFOD_URLS=https://debuginfod.ubuntu.com /usr/bin/cmake --build /home/hp/turtlebot3_ws/build/turtlebot3_description -- -j4 -l4
[6.656s] Invoked command in '/home/hp/turtlebot3_ws/build/turtlebot3_description' returned '0': CMAKE_PREFIX_PATH=${CMAKE_PREFIX_PATH}:/opt/ros/jazzy DEBUGINFOD_URLS=https://debuginfod.ubuntu.com /usr/bin/cmake --build /home/hp/turtlebot3_ws/build/turtlebot3_description -- -j4 -l4
[6.657s] Invoking command in '/home/hp/turtlebot3_ws/build/turtlebot3_description': CMAKE_PREFIX_PATH=${CMAKE_PREFIX_PATH}:/opt/ros/jazzy DEBUGINFOD_URLS=https://debuginfod.ubuntu.com /usr/bin/cmake --install /home/hp/turtlebot3_ws/build/turtlebot3_description
[6.675s] -- Install configuration: ""
[6.675s] -- Installing: /home/hp/turtlebot3_ws/install/turtlebot3_description/share/turtlebot3_description/meshes
[6.676s] -- Installing: /home/hp/turtlebot3_ws/install/turtlebot3_description/share/turtlebot3_description/meshes/sensors
[6.677s] -- Installing: /home/hp/turtlebot3_ws/install/turtlebot3_description/share/turtlebot3_description/meshes/sensors/r200.jpg
[6.690s] -- Installing: /home/hp/turtlebot3_ws/install/turtlebot3_description/share/turtlebot3_description/meshes/sensors/astra.dae
[6.894s] -- Installing: /home/hp/turtlebot3_ws/install/turtlebot3_description/share/turtlebot3_description/meshes/sensors/lds.stl
[6.930s] -- Installing: /home/hp/turtlebot3_ws/install/turtlebot3_description/share/turtlebot3_description/meshes/sensors/astra.jpg
[6.962s] -- Installing: /home/hp/turtlebot3_ws/install/turtlebot3_description/share/turtlebot3_description/meshes/sensors/r200.dae
[6.982s] -- Installing: /home/hp/turtlebot3_ws/install/turtlebot3_description/share/turtlebot3_description/meshes/bases
[6.983s] -- Installing: /home/hp/turtlebot3_ws/install/turtlebot3_description/share/turtlebot3_description/meshes/bases/waffle_base.stl
[7.264s] -- Installing: /home/hp/turtlebot3_ws/install/turtlebot3_description/share/turtlebot3_description/meshes/bases/burger_base.stl
[7.340s] -- Installing: /home/hp/turtlebot3_ws/install/turtlebot3_description/share/turtlebot3_description/meshes/bases/waffle_pi_base.stl
[7.473s] -- Installing: /home/hp/turtlebot3_ws/install/turtlebot3_description/share/turtlebot3_description/meshes/wheels
[7.474s] -- Installing: /home/hp/turtlebot3_ws/install/turtlebot3_description/share/turtlebot3_description/meshes/wheels/right_tire.stl
[7.497s] -- Installing: /home/hp/turtlebot3_ws/install/turtlebot3_description/share/turtlebot3_description/meshes/wheels/left_tire.stl
[7.524s] -- Installing: /home/hp/turtlebot3_ws/install/turtlebot3_description/share/turtlebot3_description/rviz
[7.525s] -- Installing: /home/hp/turtlebot3_ws/install/turtlebot3_description/share/turtlebot3_description/rviz/model.rviz
[7.525s] -- Installing: /home/hp/turtlebot3_ws/install/turtlebot3_description/share/turtlebot3_description/urdf
[7.526s] -- Installing: /home/hp/turtlebot3_ws/install/turtlebot3_description/share/turtlebot3_description/urdf/common_properties.urdf
[7.527s] -- Installing: /home/hp/turtlebot3_ws/install/turtlebot3_description/share/turtlebot3_description/urdf/turtlebot3_waffle.urdf
[7.528s] -- Installing: /home/hp/turtlebot3_ws/install/turtlebot3_description/share/turtlebot3_description/urdf/turtlebot3_burger.urdf
[7.529s] -- Installing: /home/hp/turtlebot3_ws/install/turtlebot3_description/share/turtlebot3_description/urdf/turtlebot3_waffle_pi.urdf
[7.531s] -- Installing: /home/hp/turtlebot3_ws/install/turtlebot3_description/share/ament_index/resource_index/package_run_dependencies/turtlebot3_description
[7.531s] -- Installing: /home/hp/turtlebot3_ws/install/turtlebot3_description/share/ament_index/resource_index/parent_prefix_path/turtlebot3_description
[7.532s] -- Installing: /home/hp/turtlebot3_ws/install/turtlebot3_description/share/turtlebot3_description/environment/ament_prefix_path.sh
[7.533s] -- Installing: /home/hp/turtlebot3_ws/install/turtlebot3_description/share/turtlebot3_description/environment/ament_prefix_path.dsv
[7.533s] -- Installing: /home/hp/turtlebot3_ws/install/turtlebot3_description/share/turtlebot3_description/environment/path.sh
[7.533s] -- Installing: /home/hp/turtlebot3_ws/install/turtlebot3_description/share/turtlebot3_description/environment/path.dsv
[7.535s] -- Installing: /home/hp/turtlebot3_ws/install/turtlebot3_description/share/turtlebot3_description/local_setup.bash
[7.535s] -- Installing: /home/hp/turtlebot3_ws/install/turtlebot3_description/share/turtlebot3_description/local_setup.sh
[7.536s] -- Installing: /home/hp/turtlebot3_ws/install/turtlebot3_description/share/turtlebot3_description/local_setup.zsh
[7.536s] -- Installing: /home/hp/turtlebot3_ws/install/turtlebot3_description/share/turtlebot3_description/local_setup.dsv
[7.537s] -- Installing: /home/hp/turtlebot3_ws/install/turtlebot3_description/share/turtlebot3_description/package.dsv
[7.539s] -- Installing: /home/hp/turtlebot3_ws/install/turtlebot3_description/share/ament_index/resource_index/packages/turtlebot3_description
[7.539s] -- Installing: /home/hp/turtlebot3_ws/install/turtlebot3_description/share/turtlebot3_description/cmake/turtlebot3_descriptionConfig.cmake
[7.540s] -- Installing: /home/hp/turtlebot3_ws/install/turtlebot3_description/share/turtlebot3_description/cmake/turtlebot3_descriptionConfig-version.cmake
[7.540s] -- Installing: /home/hp/turtlebot3_ws/install/turtlebot3_description/share/turtlebot3_description/package.xml
[7.542s] Invoked command in '/home/hp/turtlebot3_ws/build/turtlebot3_description' returned '0': CMAKE_PREFIX_PATH=${CMAKE_PREFIX_PATH}:/opt/ros/jazzy DEBUGINFOD_URLS=https://debuginfod.ubuntu.com /usr/bin/cmake --install /home/hp/turtlebot3_ws/build/turtlebot3_description
