[0.096s] Invoking command in '/home/hp/turtlebot3_ws/build/turtlebot3_manipulator_gazebo': CMAKE_PREFIX_PATH=/home/hp/turtlebot3_ws/install/turtlebot3_gazebo:/home/hp/turtlebot3_ws/install/turtlebot3_description:/home/hp/turtlebot3_ws/install/turtlebot3_manipulator_gazebo:/home/hp/turtlebot3_ws/install/turtlebot3:/home/hp/turtlebot3_ws/install/turtlebot3_simulations:/home/hp/turtlebot3_ws/install/turtlebot3_bringup:/home/hp/turtlebot3_ws/install/turtlebot3_node:/home/hp/turtlebot3_ws/install/turtlebot3_navigation2:/home/hp/turtlebot3_ws/install/turtlebot3_fake_node:/home/hp/turtlebot3_ws/install/turtlebot3_cartographer:/usr/share/gazebo:/opt/ros/jazzy/opt/gz_sim_vendor:/opt/ros/jazzy/opt/gz_sensors_vendor:/opt/ros/jazzy/opt/gz_physics_vendor:/opt/ros/jazzy/opt/sdformat_vendor:/opt/ros/jazzy/opt/gz_gui_vendor:/opt/ros/jazzy/opt/gz_transport_vendor:/opt/ros/jazzy/opt/gz_rendering_vendor:/opt/ros/jazzy/opt/gz_plugin_vendor:/opt/ros/jazzy/opt/gz_fuel_tools_vendor:/opt/ros/jazzy/opt/gz_msgs_vendor:/opt/ros/jazzy/opt/gz_common_vendor:/opt/ros/jazzy/opt/gz_math_vendor:/opt/ros/jazzy/opt/gz_utils_vendor:/opt/ros/jazzy/opt/gz_tools_vendor:/opt/ros/jazzy/opt/gz_ogre_next_vendor:/opt/ros/jazzy/opt/gz_dartsim_vendor:/opt/ros/jazzy/opt/gz_cmake_vendor:/home/hp/turtlebot3_ws/install/turtlebot3_teleop:/home/hp/turtlebot3_ws/install/turtlebot3_example:/opt/ros/jazzy DEBUGINFOD_URLS=https://debuginfod.ubuntu.com /usr/bin/cmake --build /home/hp/turtlebot3_ws/build/turtlebot3_manipulator_gazebo -- -j4 -l4
[0.289s] -- Found ament_cmake: 2.5.3 (/opt/ros/jazzy/share/ament_cmake/cmake)
[1.512s] -- Override CMake install command with custom implementation using symlinks instead of copying resources
[1.544s] -- Found ament_lint_auto: 0.17.2 (/opt/ros/jazzy/share/ament_lint_auto/cmake)
[2.173s] -- Added test 'flake8' to check Python code syntax and style conventions
[2.174s] -- Configured 'flake8' exclude dirs and/or files: 
[2.180s] -- Added test 'lint_cmake' to check CMake code style
[2.181s] -- Added test 'pep257' to check Python code against some of the docstring style conventions in PEP 257
[2.195s] -- Added test 'xmllint' to check XML markup files
[2.212s] -- Configuring done (2.0s)
[2.231s] -- Generating done (0.0s)
[2.236s] -- Build files have been written to: /home/hp/turtlebot3_ws/build/turtlebot3_manipulator_gazebo
[2.420s] Invoked command in '/home/hp/turtlebot3_ws/build/turtlebot3_manipulator_gazebo' returned '0': CMAKE_PREFIX_PATH=/home/hp/turtlebot3_ws/install/turtlebot3_gazebo:/home/hp/turtlebot3_ws/install/turtlebot3_description:/home/hp/turtlebot3_ws/install/turtlebot3_manipulator_gazebo:/home/hp/turtlebot3_ws/install/turtlebot3:/home/hp/turtlebot3_ws/install/turtlebot3_simulations:/home/hp/turtlebot3_ws/install/turtlebot3_bringup:/home/hp/turtlebot3_ws/install/turtlebot3_node:/home/hp/turtlebot3_ws/install/turtlebot3_navigation2:/home/hp/turtlebot3_ws/install/turtlebot3_fake_node:/home/hp/turtlebot3_ws/install/turtlebot3_cartographer:/usr/share/gazebo:/opt/ros/jazzy/opt/gz_sim_vendor:/opt/ros/jazzy/opt/gz_sensors_vendor:/opt/ros/jazzy/opt/gz_physics_vendor:/opt/ros/jazzy/opt/sdformat_vendor:/opt/ros/jazzy/opt/gz_gui_vendor:/opt/ros/jazzy/opt/gz_transport_vendor:/opt/ros/jazzy/opt/gz_rendering_vendor:/opt/ros/jazzy/opt/gz_plugin_vendor:/opt/ros/jazzy/opt/gz_fuel_tools_vendor:/opt/ros/jazzy/opt/gz_msgs_vendor:/opt/ros/jazzy/opt/gz_common_vendor:/opt/ros/jazzy/opt/gz_math_vendor:/opt/ros/jazzy/opt/gz_utils_vendor:/opt/ros/jazzy/opt/gz_tools_vendor:/opt/ros/jazzy/opt/gz_ogre_next_vendor:/opt/ros/jazzy/opt/gz_dartsim_vendor:/opt/ros/jazzy/opt/gz_cmake_vendor:/home/hp/turtlebot3_ws/install/turtlebot3_teleop:/home/hp/turtlebot3_ws/install/turtlebot3_example:/opt/ros/jazzy DEBUGINFOD_URLS=https://debuginfod.ubuntu.com /usr/bin/cmake --build /home/hp/turtlebot3_ws/build/turtlebot3_manipulator_gazebo -- -j4 -l4
[2.464s] Invoking command in '/home/hp/turtlebot3_ws/build/turtlebot3_manipulator_gazebo': CMAKE_PREFIX_PATH=/home/hp/turtlebot3_ws/install/turtlebot3_gazebo:/home/hp/turtlebot3_ws/install/turtlebot3_description:/home/hp/turtlebot3_ws/install/turtlebot3_manipulator_gazebo:/home/hp/turtlebot3_ws/install/turtlebot3:/home/hp/turtlebot3_ws/install/turtlebot3_simulations:/home/hp/turtlebot3_ws/install/turtlebot3_bringup:/home/hp/turtlebot3_ws/install/turtlebot3_node:/home/hp/turtlebot3_ws/install/turtlebot3_navigation2:/home/hp/turtlebot3_ws/install/turtlebot3_fake_node:/home/hp/turtlebot3_ws/install/turtlebot3_cartographer:/usr/share/gazebo:/opt/ros/jazzy/opt/gz_sim_vendor:/opt/ros/jazzy/opt/gz_sensors_vendor:/opt/ros/jazzy/opt/gz_physics_vendor:/opt/ros/jazzy/opt/sdformat_vendor:/opt/ros/jazzy/opt/gz_gui_vendor:/opt/ros/jazzy/opt/gz_transport_vendor:/opt/ros/jazzy/opt/gz_rendering_vendor:/opt/ros/jazzy/opt/gz_plugin_vendor:/opt/ros/jazzy/opt/gz_fuel_tools_vendor:/opt/ros/jazzy/opt/gz_msgs_vendor:/opt/ros/jazzy/opt/gz_common_vendor:/opt/ros/jazzy/opt/gz_math_vendor:/opt/ros/jazzy/opt/gz_utils_vendor:/opt/ros/jazzy/opt/gz_tools_vendor:/opt/ros/jazzy/opt/gz_ogre_next_vendor:/opt/ros/jazzy/opt/gz_dartsim_vendor:/opt/ros/jazzy/opt/gz_cmake_vendor:/home/hp/turtlebot3_ws/install/turtlebot3_teleop:/home/hp/turtlebot3_ws/install/turtlebot3_example:/opt/ros/jazzy DEBUGINFOD_URLS=https://debuginfod.ubuntu.com /usr/bin/cmake --install /home/hp/turtlebot3_ws/build/turtlebot3_manipulator_gazebo
[2.517s] -- Install configuration: ""
[2.520s] -- Execute custom install script
[2.522s] -- Symlinking: /home/hp/turtlebot3_ws/install/turtlebot3_manipulator_gazebo/share/turtlebot3_manipulator_gazebo/launch/turtlebot3_manipulator_gazebo.launch.py
[2.572s] -- Up-to-date symlink: /home/hp/turtlebot3_ws/install/turtlebot3_manipulator_gazebo/share/ament_index/resource_index/package_run_dependencies/turtlebot3_manipulator_gazebo
[2.576s] -- Up-to-date symlink: /home/hp/turtlebot3_ws/install/turtlebot3_manipulator_gazebo/share/ament_index/resource_index/parent_prefix_path/turtlebot3_manipulator_gazebo
[2.582s] -- Up-to-date symlink: /home/hp/turtlebot3_ws/install/turtlebot3_manipulator_gazebo/share/turtlebot3_manipulator_gazebo/environment/ament_prefix_path.sh
[2.587s] -- Up-to-date symlink: /home/hp/turtlebot3_ws/install/turtlebot3_manipulator_gazebo/share/turtlebot3_manipulator_gazebo/environment/ament_prefix_path.dsv
[2.590s] -- Up-to-date symlink: /home/hp/turtlebot3_ws/install/turtlebot3_manipulator_gazebo/share/turtlebot3_manipulator_gazebo/environment/path.sh
[2.591s] -- Up-to-date symlink: /home/hp/turtlebot3_ws/install/turtlebot3_manipulator_gazebo/share/turtlebot3_manipulator_gazebo/environment/path.dsv
[2.591s] -- Up-to-date symlink: /home/hp/turtlebot3_ws/install/turtlebot3_manipulator_gazebo/share/turtlebot3_manipulator_gazebo/local_setup.bash
[2.592s] -- Up-to-date symlink: /home/hp/turtlebot3_ws/install/turtlebot3_manipulator_gazebo/share/turtlebot3_manipulator_gazebo/local_setup.sh
[2.592s] -- Up-to-date symlink: /home/hp/turtlebot3_ws/install/turtlebot3_manipulator_gazebo/share/turtlebot3_manipulator_gazebo/local_setup.zsh
[2.592s] -- Up-to-date symlink: /home/hp/turtlebot3_ws/install/turtlebot3_manipulator_gazebo/share/turtlebot3_manipulator_gazebo/local_setup.dsv
[2.593s] -- Symlinking: /home/hp/turtlebot3_ws/install/turtlebot3_manipulator_gazebo/share/turtlebot3_manipulator_gazebo/package.dsv
[2.630s] -- Up-to-date symlink: /home/hp/turtlebot3_ws/install/turtlebot3_manipulator_gazebo/share/ament_index/resource_index/packages/turtlebot3_manipulator_gazebo
[2.631s] -- Up-to-date symlink: /home/hp/turtlebot3_ws/install/turtlebot3_manipulator_gazebo/share/turtlebot3_manipulator_gazebo/cmake/turtlebot3_manipulator_gazeboConfig.cmake
[2.640s] -- Up-to-date symlink: /home/hp/turtlebot3_ws/install/turtlebot3_manipulator_gazebo/share/turtlebot3_manipulator_gazebo/cmake/turtlebot3_manipulator_gazeboConfig-version.cmake
[2.641s] -- Up-to-date symlink: /home/hp/turtlebot3_ws/install/turtlebot3_manipulator_gazebo/share/turtlebot3_manipulator_gazebo/package.xml
[2.645s] Invoked command in '/home/hp/turtlebot3_ws/build/turtlebot3_manipulator_gazebo' returned '0': CMAKE_PREFIX_PATH=/home/hp/turtlebot3_ws/install/turtlebot3_gazebo:/home/hp/turtlebot3_ws/install/turtlebot3_description:/home/hp/turtlebot3_ws/install/turtlebot3_manipulator_gazebo:/home/hp/turtlebot3_ws/install/turtlebot3:/home/hp/turtlebot3_ws/install/turtlebot3_simulations:/home/hp/turtlebot3_ws/install/turtlebot3_bringup:/home/hp/turtlebot3_ws/install/turtlebot3_node:/home/hp/turtlebot3_ws/install/turtlebot3_navigation2:/home/hp/turtlebot3_ws/install/turtlebot3_fake_node:/home/hp/turtlebot3_ws/install/turtlebot3_cartographer:/usr/share/gazebo:/opt/ros/jazzy/opt/gz_sim_vendor:/opt/ros/jazzy/opt/gz_sensors_vendor:/opt/ros/jazzy/opt/gz_physics_vendor:/opt/ros/jazzy/opt/sdformat_vendor:/opt/ros/jazzy/opt/gz_gui_vendor:/opt/ros/jazzy/opt/gz_transport_vendor:/opt/ros/jazzy/opt/gz_rendering_vendor:/opt/ros/jazzy/opt/gz_plugin_vendor:/opt/ros/jazzy/opt/gz_fuel_tools_vendor:/opt/ros/jazzy/opt/gz_msgs_vendor:/opt/ros/jazzy/opt/gz_common_vendor:/opt/ros/jazzy/opt/gz_math_vendor:/opt/ros/jazzy/opt/gz_utils_vendor:/opt/ros/jazzy/opt/gz_tools_vendor:/opt/ros/jazzy/opt/gz_ogre_next_vendor:/opt/ros/jazzy/opt/gz_dartsim_vendor:/opt/ros/jazzy/opt/gz_cmake_vendor:/home/hp/turtlebot3_ws/install/turtlebot3_teleop:/home/hp/turtlebot3_ws/install/turtlebot3_example:/opt/ros/jazzy DEBUGINFOD_URLS=https://debuginfod.ubuntu.com /usr/bin/cmake --install /home/hp/turtlebot3_ws/build/turtlebot3_manipulator_gazebo
