[0.173s] Invoking command in '/home/hp/turtlebot3_ws/build/turtlebot3_node': CMAKE_PREFIX_PATH=${CMAKE_PREFIX_PATH}:/home/hp/turtlebot3_ws/install/turtlebot3_teleop:/home/hp/turtlebot3_ws/install/turtlebot3_example:/opt/ros/jazzy DEBUGINFOD_URLS=https://debuginfod.ubuntu.com /usr/bin/cmake --build /home/hp/turtlebot3_ws/build/turtlebot3_node -- -j4 -l4
[0.931s] [ 85%] Built target turtlebot3_node_lib
[1.100s] [100%] Built target turtlebot3_ros
[1.148s] Invoked command in '/home/hp/turtlebot3_ws/build/turtlebot3_node' returned '0': CMAKE_PREFIX_PATH=${CMAKE_PREFIX_PATH}:/home/hp/turtlebot3_ws/install/turtlebot3_teleop:/home/hp/turtlebot3_ws/install/turtlebot3_example:/opt/ros/jazzy DEBUGINFOD_URLS=https://debuginfod.ubuntu.com /usr/bin/cmake --build /home/hp/turtlebot3_ws/build/turtlebot3_node -- -j4 -l4
[1.153s] Invoking command in '/home/hp/turtlebot3_ws/build/turtlebot3_node': CMAKE_PREFIX_PATH=${CMAKE_PREFIX_PATH}:/home/hp/turtlebot3_ws/install/turtlebot3_teleop:/home/hp/turtlebot3_ws/install/turtlebot3_example:/opt/ros/jazzy DEBUGINFOD_URLS=https://debuginfod.ubuntu.com /usr/bin/cmake --install /home/hp/turtlebot3_ws/build/turtlebot3_node
[1.180s] -- Install configuration: ""
[1.183s] -- Execute custom install script
[1.188s] -- Up-to-date symlink: /home/hp/turtlebot3_ws/install/turtlebot3_node/share/turtlebot3_node/param/burger.yaml
[1.188s] -- Up-to-date symlink: /home/hp/turtlebot3_ws/install/turtlebot3_node/share/turtlebot3_node/param/waffle.yaml
[1.189s] -- Up-to-date symlink: /home/hp/turtlebot3_ws/install/turtlebot3_node/share/turtlebot3_node/param/waffle_pi.yaml
[1.191s] -- Up-to-date symlink: /home/hp/turtlebot3_ws/install/turtlebot3_node/lib/turtlebot3_node/turtlebot3_ros
[1.192s] -- Up-to-date symlink: /home/hp/turtlebot3_ws/install/turtlebot3_node/share/ament_index/resource_index/package_run_dependencies/turtlebot3_node
[1.193s] -- Up-to-date symlink: /home/hp/turtlebot3_ws/install/turtlebot3_node/share/ament_index/resource_index/parent_prefix_path/turtlebot3_node
[1.194s] -- Up-to-date symlink: /home/hp/turtlebot3_ws/install/turtlebot3_node/share/turtlebot3_node/environment/ament_prefix_path.sh
[1.195s] -- Up-to-date symlink: /home/hp/turtlebot3_ws/install/turtlebot3_node/share/turtlebot3_node/environment/ament_prefix_path.dsv
[1.196s] -- Up-to-date symlink: /home/hp/turtlebot3_ws/install/turtlebot3_node/share/turtlebot3_node/environment/path.sh
[1.196s] -- Up-to-date symlink: /home/hp/turtlebot3_ws/install/turtlebot3_node/share/turtlebot3_node/environment/path.dsv
[1.197s] -- Up-to-date symlink: /home/hp/turtlebot3_ws/install/turtlebot3_node/share/turtlebot3_node/local_setup.bash
[1.198s] -- Up-to-date symlink: /home/hp/turtlebot3_ws/install/turtlebot3_node/share/turtlebot3_node/local_setup.sh
[1.200s] -- Up-to-date symlink: /home/hp/turtlebot3_ws/install/turtlebot3_node/share/turtlebot3_node/local_setup.zsh
[1.201s] -- Up-to-date symlink: /home/hp/turtlebot3_ws/install/turtlebot3_node/share/turtlebot3_node/local_setup.dsv
[1.201s] -- Symlinking: /home/hp/turtlebot3_ws/install/turtlebot3_node/share/turtlebot3_node/package.dsv
[1.238s] -- Up-to-date symlink: /home/hp/turtlebot3_ws/install/turtlebot3_node/share/ament_index/resource_index/packages/turtlebot3_node
[1.242s] -- Up-to-date symlink: /home/hp/turtlebot3_ws/install/turtlebot3_node/share/turtlebot3_node/cmake/ament_cmake_export_include_directories-extras.cmake
[1.243s] -- Up-to-date symlink: /home/hp/turtlebot3_ws/install/turtlebot3_node/share/turtlebot3_node/cmake/turtlebot3_nodeConfig.cmake
[1.245s] -- Up-to-date symlink: /home/hp/turtlebot3_ws/install/turtlebot3_node/share/turtlebot3_node/cmake/turtlebot3_nodeConfig-version.cmake
[1.246s] -- Up-to-date symlink: /home/hp/turtlebot3_ws/install/turtlebot3_node/share/turtlebot3_node/package.xml
[1.396s] Invoked command in '/home/hp/turtlebot3_ws/build/turtlebot3_node' returned '0': CMAKE_PREFIX_PATH=${CMAKE_PREFIX_PATH}:/home/hp/turtlebot3_ws/install/turtlebot3_teleop:/home/hp/turtlebot3_ws/install/turtlebot3_example:/opt/ros/jazzy DEBUGINFOD_URLS=https://debuginfod.ubuntu.com /usr/bin/cmake --install /home/hp/turtlebot3_ws/build/turtlebot3_node
