[0.130s] Invoking command in '/home/hp/turtlebot3_ws/build/turtlebot3_gazebo': CMAKE_PREFIX_PATH=${CMAKE_PREFIX_PATH}:/opt/ros/jazzy DEBUGINFOD_URLS=https://debuginfod.ubuntu.com /usr/bin/cmake /home/hp/turtlebot3_ws/src/turtlebot3_simulations/turtlebot3_gazebo -DAMENT_CMAKE_SYMLINK_INSTALL=1 -DCMAKE_INSTALL_PREFIX=/home/hp/turtlebot3_ws/install/turtlebot3_gazebo
[0.203s] -- Found ament_cmake: 2.5.3 (/opt/ros/jazzy/share/ament_cmake/cmake)
[0.750s] -- Override CMake install command with custom implementation using symlinks instead of copying resources
[0.769s] -- Found ros_gz_sim: 1.0.9 (/opt/ros/jazzy/share/ros_gz_sim/cmake)
[0.860s] -- Found rosidl_generator_c: 4.6.5 (/opt/ros/jazzy/share/rosidl_generator_c/cmake)
[0.900s] -- Found rosidl_generator_cpp: 4.6.5 (/opt/ros/jazzy/share/rosidl_generator_cpp/cmake)
[1.015s] -- Using all available rosidl_typesupport_c: rosidl_typesupport_fastrtps_c;rosidl_typesupport_introspection_c
[1.046s] -- Using all available rosidl_typesupport_cpp: rosidl_typesupport_fastrtps_cpp;rosidl_typesupport_introspection_cpp
[1.233s] -- Found rmw_implementation_cmake: 7.3.1 (/opt/ros/jazzy/share/rmw_implementation_cmake/cmake)
[1.238s] -- Found rmw_fastrtps_cpp: 8.4.1 (/opt/ros/jazzy/share/rmw_fastrtps_cpp/cmake)
[1.451s] -- Using RMW implementation 'rmw_fastrtps_cpp' as default
[1.644s] -- Found geometry_msgs: 5.3.5 (/opt/ros/jazzy/share/geometry_msgs/cmake)
[1.741s] -- Found nav_msgs: 5.3.5 (/opt/ros/jazzy/share/nav_msgs/cmake)
[1.867s] -- Found sensor_msgs: 5.3.5 (/opt/ros/jazzy/share/sensor_msgs/cmake)
[1.963s] -- Found tf2: 0.36.8 (/opt/ros/jazzy/share/tf2/cmake)
[2.204s] -- Configuring done (2.0s)
[2.292s] -- Generating done (0.0s)
[2.300s] -- Build files have been written to: /home/hp/turtlebot3_ws/build/turtlebot3_gazebo
[2.318s] Invoked command in '/home/hp/turtlebot3_ws/build/turtlebot3_gazebo' returned '0': CMAKE_PREFIX_PATH=${CMAKE_PREFIX_PATH}:/opt/ros/jazzy DEBUGINFOD_URLS=https://debuginfod.ubuntu.com /usr/bin/cmake /home/hp/turtlebot3_ws/src/turtlebot3_simulations/turtlebot3_gazebo -DAMENT_CMAKE_SYMLINK_INSTALL=1 -DCMAKE_INSTALL_PREFIX=/home/hp/turtlebot3_ws/install/turtlebot3_gazebo
[2.320s] Invoking command in '/home/hp/turtlebot3_ws/build/turtlebot3_gazebo': CMAKE_PREFIX_PATH=${CMAKE_PREFIX_PATH}:/opt/ros/jazzy DEBUGINFOD_URLS=https://debuginfod.ubuntu.com /usr/bin/cmake --build /home/hp/turtlebot3_ws/build/turtlebot3_gazebo -- -j4 -l4
[2.703s] [ 50%] [32m[1mLinking CXX executable turtlebot3_drive[0m
[6.199s] [100%] Built target turtlebot3_drive
[6.632s] Invoked command in '/home/hp/turtlebot3_ws/build/turtlebot3_gazebo' returned '0': CMAKE_PREFIX_PATH=${CMAKE_PREFIX_PATH}:/opt/ros/jazzy DEBUGINFOD_URLS=https://debuginfod.ubuntu.com /usr/bin/cmake --build /home/hp/turtlebot3_ws/build/turtlebot3_gazebo -- -j4 -l4
[6.633s] Invoking command in '/home/hp/turtlebot3_ws/build/turtlebot3_gazebo': CMAKE_PREFIX_PATH=${CMAKE_PREFIX_PATH}:/opt/ros/jazzy DEBUGINFOD_URLS=https://debuginfod.ubuntu.com /usr/bin/cmake --install /home/hp/turtlebot3_ws/build/turtlebot3_gazebo
[6.665s] -- Install configuration: ""
[6.665s] -- Execute custom install script
[6.666s] -- Symlinking: /home/hp/turtlebot3_ws/install/turtlebot3_gazebo/lib/turtlebot3_gazebo/turtlebot3_drive
[6.702s] -- Symlinking: /home/hp/turtlebot3_ws/install/turtlebot3_gazebo/share/turtlebot3_gazebo//launch/empty_world.launch.py
[6.723s] -- Symlinking: /home/hp/turtlebot3_ws/install/turtlebot3_gazebo/share/turtlebot3_gazebo//launch/robot_state_publisher.launch.py
[6.748s] -- Symlinking: /home/hp/turtlebot3_ws/install/turtlebot3_gazebo/share/turtlebot3_gazebo//launch/spawn_turtlebot3.launch.py
[6.771s] -- Symlinking: /home/hp/turtlebot3_ws/install/turtlebot3_gazebo/share/turtlebot3_gazebo//launch/turtlebot3_house.launch.py
[6.795s] -- Symlinking: /home/hp/turtlebot3_ws/install/turtlebot3_gazebo/share/turtlebot3_gazebo//launch/turtlebot3_world.launch.py
[6.829s] -- Symlinking: /home/hp/turtlebot3_ws/install/turtlebot3_gazebo/share/turtlebot3_gazebo//models/turtlebot3_burger/model-1_4.sdf
[6.855s] -- Symlinking: /home/hp/turtlebot3_ws/install/turtlebot3_gazebo/share/turtlebot3_gazebo//models/turtlebot3_burger/model.config
[6.884s] -- Symlinking: /home/hp/turtlebot3_ws/install/turtlebot3_gazebo/share/turtlebot3_gazebo//models/turtlebot3_burger/model.sdf
[6.907s] -- Symlinking: /home/hp/turtlebot3_ws/install/turtlebot3_gazebo/share/turtlebot3_gazebo//models/turtlebot3_burger_cam/model-1_4.sdf
[6.931s] -- Symlinking: /home/hp/turtlebot3_ws/install/turtlebot3_gazebo/share/turtlebot3_gazebo//models/turtlebot3_burger_cam/model.config
[6.955s] -- Symlinking: /home/hp/turtlebot3_ws/install/turtlebot3_gazebo/share/turtlebot3_gazebo//models/turtlebot3_burger_cam/model.sdf
[6.981s] -- Symlinking: /home/hp/turtlebot3_ws/install/turtlebot3_gazebo/share/turtlebot3_gazebo//models/turtlebot3_common/meshes/bases/burger_base.stl
[7.004s] -- Symlinking: /home/hp/turtlebot3_ws/install/turtlebot3_gazebo/share/turtlebot3_gazebo//models/turtlebot3_common/meshes/bases/waffle_base.stl
[7.030s] -- Symlinking: /home/hp/turtlebot3_ws/install/turtlebot3_gazebo/share/turtlebot3_gazebo//models/turtlebot3_common/meshes/bases/waffle_pi_base.stl
[7.054s] -- Symlinking: /home/hp/turtlebot3_ws/install/turtlebot3_gazebo/share/turtlebot3_gazebo//models/turtlebot3_common/meshes/burger_base.dae
[7.083s] -- Symlinking: /home/hp/turtlebot3_ws/install/turtlebot3_gazebo/share/turtlebot3_gazebo//models/turtlebot3_common/meshes/lds.dae
[7.106s] -- Symlinking: /home/hp/turtlebot3_ws/install/turtlebot3_gazebo/share/turtlebot3_gazebo//models/turtlebot3_common/meshes/r200.dae
[7.130s] -- Symlinking: /home/hp/turtlebot3_ws/install/turtlebot3_gazebo/share/turtlebot3_gazebo//models/turtlebot3_common/meshes/sensors/astra.dae
[7.155s] -- Symlinking: /home/hp/turtlebot3_ws/install/turtlebot3_gazebo/share/turtlebot3_gazebo//models/turtlebot3_common/meshes/sensors/astra.jpg
[7.188s] -- Symlinking: /home/hp/turtlebot3_ws/install/turtlebot3_gazebo/share/turtlebot3_gazebo//models/turtlebot3_common/meshes/sensors/lds.stl
[7.214s] -- Symlinking: /home/hp/turtlebot3_ws/install/turtlebot3_gazebo/share/turtlebot3_gazebo//models/turtlebot3_common/meshes/sensors/r200.dae
[7.242s] -- Symlinking: /home/hp/turtlebot3_ws/install/turtlebot3_gazebo/share/turtlebot3_gazebo//models/turtlebot3_common/meshes/sensors/r200.jpg
[7.268s] -- Symlinking: /home/hp/turtlebot3_ws/install/turtlebot3_gazebo/share/turtlebot3_gazebo//models/turtlebot3_common/meshes/tire.dae
[7.299s] -- Symlinking: /home/hp/turtlebot3_ws/install/turtlebot3_gazebo/share/turtlebot3_gazebo//models/turtlebot3_common/meshes/waffle_base.dae
[7.324s] -- Symlinking: /home/hp/turtlebot3_ws/install/turtlebot3_gazebo/share/turtlebot3_gazebo//models/turtlebot3_common/meshes/waffle_pi_base.dae
[7.357s] -- Symlinking: /home/hp/turtlebot3_ws/install/turtlebot3_gazebo/share/turtlebot3_gazebo//models/turtlebot3_common/meshes/wheels/left_tire.stl
[7.383s] -- Symlinking: /home/hp/turtlebot3_ws/install/turtlebot3_gazebo/share/turtlebot3_gazebo//models/turtlebot3_common/meshes/wheels/right_tire.stl
[7.408s] -- Symlinking: /home/hp/turtlebot3_ws/install/turtlebot3_gazebo/share/turtlebot3_gazebo//models/turtlebot3_common/model.config
[7.431s] -- Symlinking: /home/hp/turtlebot3_ws/install/turtlebot3_gazebo/share/turtlebot3_gazebo//models/turtlebot3_house/cafe_table/materials/textures/Maple.jpg
[7.456s] -- Symlinking: /home/hp/turtlebot3_ws/install/turtlebot3_gazebo/share/turtlebot3_gazebo//models/turtlebot3_house/cafe_table/materials/textures/Wood_Floor_Dark.jpg
[7.483s] -- Symlinking: /home/hp/turtlebot3_ws/install/turtlebot3_gazebo/share/turtlebot3_gazebo//models/turtlebot3_house/cafe_table/meshes/cafe_table.dae
[7.505s] -- Symlinking: /home/hp/turtlebot3_ws/install/turtlebot3_gazebo/share/turtlebot3_gazebo//models/turtlebot3_house/cafe_table/model-1_4.sdf
[7.528s] -- Symlinking: /home/hp/turtlebot3_ws/install/turtlebot3_gazebo/share/turtlebot3_gazebo//models/turtlebot3_house/cafe_table/model.config
[7.554s] -- Symlinking: /home/hp/turtlebot3_ws/install/turtlebot3_gazebo/share/turtlebot3_gazebo//models/turtlebot3_house/cafe_table/model.sdf
[7.573s] -- Symlinking: /home/hp/turtlebot3_ws/install/turtlebot3_gazebo/share/turtlebot3_gazebo//models/turtlebot3_house/first_2015_trash_can/meshes/trash_can.dae
[7.590s] -- Symlinking: /home/hp/turtlebot3_ws/install/turtlebot3_gazebo/share/turtlebot3_gazebo//models/turtlebot3_house/first_2015_trash_can/model.config
[7.606s] -- Symlinking: /home/hp/turtlebot3_ws/install/turtlebot3_gazebo/share/turtlebot3_gazebo//models/turtlebot3_house/first_2015_trash_can/model.sdf
[7.623s] -- Symlinking: /home/hp/turtlebot3_ws/install/turtlebot3_gazebo/share/turtlebot3_gazebo//models/turtlebot3_house/mailbox/materials/scripts/mailbox.material
[7.646s] -- Symlinking: /home/hp/turtlebot3_ws/install/turtlebot3_gazebo/share/turtlebot3_gazebo//models/turtlebot3_house/mailbox/materials/textures/Mailbox_Diffuse.png
[7.668s] -- Symlinking: /home/hp/turtlebot3_ws/install/turtlebot3_gazebo/share/turtlebot3_gazebo//models/turtlebot3_house/mailbox/materials/textures/Mailbox_Diffuse.tga.orig
[7.689s] -- Symlinking: /home/hp/turtlebot3_ws/install/turtlebot3_gazebo/share/turtlebot3_gazebo//models/turtlebot3_house/mailbox/materials/textures/Mailbox_Spec.png
[7.711s] -- Symlinking: /home/hp/turtlebot3_ws/install/turtlebot3_gazebo/share/turtlebot3_gazebo//models/turtlebot3_house/mailbox/meshes/mailbox.dae
[7.731s] -- Symlinking: /home/hp/turtlebot3_ws/install/turtlebot3_gazebo/share/turtlebot3_gazebo//models/turtlebot3_house/mailbox/model-1_3.sdf
[7.752s] -- Symlinking: /home/hp/turtlebot3_ws/install/turtlebot3_gazebo/share/turtlebot3_gazebo//models/turtlebot3_house/mailbox/model-1_4.sdf
[7.772s] -- Symlinking: /home/hp/turtlebot3_ws/install/turtlebot3_gazebo/share/turtlebot3_gazebo//models/turtlebot3_house/mailbox/model.config
[7.788s] -- Symlinking: /home/hp/turtlebot3_ws/install/turtlebot3_gazebo/share/turtlebot3_gazebo//models/turtlebot3_house/mailbox/model.sdf
[7.805s] -- Symlinking: /home/hp/turtlebot3_ws/install/turtlebot3_gazebo/share/turtlebot3_gazebo//models/turtlebot3_house/model.config
[7.821s] -- Symlinking: /home/hp/turtlebot3_ws/install/turtlebot3_gazebo/share/turtlebot3_gazebo//models/turtlebot3_house/model.sdf
[7.839s] -- Symlinking: /home/hp/turtlebot3_ws/install/turtlebot3_gazebo/share/turtlebot3_gazebo//models/turtlebot3_house/table_marble/materials/scripts/table_lightmap.material
[7.862s] -- Symlinking: /home/hp/turtlebot3_ws/install/turtlebot3_gazebo/share/turtlebot3_gazebo//models/turtlebot3_house/table_marble/materials/textures/marble.png
[7.885s] -- Symlinking: /home/hp/turtlebot3_ws/install/turtlebot3_gazebo/share/turtlebot3_gazebo//models/turtlebot3_house/table_marble/materials/textures/table_lightmap.png
[7.907s] -- Symlinking: /home/hp/turtlebot3_ws/install/turtlebot3_gazebo/share/turtlebot3_gazebo//models/turtlebot3_house/table_marble/meshes/table_lightmap.dae
[7.930s] -- Symlinking: /home/hp/turtlebot3_ws/install/turtlebot3_gazebo/share/turtlebot3_gazebo//models/turtlebot3_house/table_marble/model-1_4.sdf
[7.955s] -- Symlinking: /home/hp/turtlebot3_ws/install/turtlebot3_gazebo/share/turtlebot3_gazebo//models/turtlebot3_house/table_marble/model.config
[7.981s] -- Symlinking: /home/hp/turtlebot3_ws/install/turtlebot3_gazebo/share/turtlebot3_gazebo//models/turtlebot3_house/table_marble/model.sdf
[8.024s] -- Symlinking: /home/hp/turtlebot3_ws/install/turtlebot3_gazebo/share/turtlebot3_gazebo//models/turtlebot3_house/textures/bricks.png
[8.053s] -- Symlinking: /home/hp/turtlebot3_ws/install/turtlebot3_gazebo/share/turtlebot3_gazebo//models/turtlebot3_house/textures/wood.png
[8.080s] -- Symlinking: /home/hp/turtlebot3_ws/install/turtlebot3_gazebo/share/turtlebot3_gazebo//models/turtlebot3_waffle/model-1_4.sdf
[8.112s] -- Symlinking: /home/hp/turtlebot3_ws/install/turtlebot3_gazebo/share/turtlebot3_gazebo//models/turtlebot3_waffle/model.config
[8.137s] -- Symlinking: /home/hp/turtlebot3_ws/install/turtlebot3_gazebo/share/turtlebot3_gazebo//models/turtlebot3_waffle/model.sdf
[8.177s] -- Symlinking: /home/hp/turtlebot3_ws/install/turtlebot3_gazebo/share/turtlebot3_gazebo//models/turtlebot3_waffle_pi/model-1_4_.sdf
[8.207s] -- Symlinking: /home/hp/turtlebot3_ws/install/turtlebot3_gazebo/share/turtlebot3_gazebo//models/turtlebot3_waffle_pi/model.config
[8.227s] -- Symlinking: /home/hp/turtlebot3_ws/install/turtlebot3_gazebo/share/turtlebot3_gazebo//models/turtlebot3_waffle_pi/model.sdf
[8.253s] -- Symlinking: /home/hp/turtlebot3_ws/install/turtlebot3_gazebo/share/turtlebot3_gazebo//models/turtlebot3_world/meshes/hexagon.dae
[8.281s] -- Symlinking: /home/hp/turtlebot3_ws/install/turtlebot3_gazebo/share/turtlebot3_gazebo//models/turtlebot3_world/meshes/wall.dae
[8.307s] -- Symlinking: /home/hp/turtlebot3_ws/install/turtlebot3_gazebo/share/turtlebot3_gazebo//models/turtlebot3_world/model-1_4.sdf
[8.334s] -- Symlinking: /home/hp/turtlebot3_ws/install/turtlebot3_gazebo/share/turtlebot3_gazebo//models/turtlebot3_world/model.config
[8.366s] -- Symlinking: /home/hp/turtlebot3_ws/install/turtlebot3_gazebo/share/turtlebot3_gazebo//models/turtlebot3_world/model.sdf
[8.391s] -- Symlinking: /home/hp/turtlebot3_ws/install/turtlebot3_gazebo/share/turtlebot3_gazebo//params/turtlebot3_burger_bridge.yaml
[8.409s] -- Symlinking: /home/hp/turtlebot3_ws/install/turtlebot3_gazebo/share/turtlebot3_gazebo//params/turtlebot3_burger_cam_bridge.yaml
[8.425s] -- Symlinking: /home/hp/turtlebot3_ws/install/turtlebot3_gazebo/share/turtlebot3_gazebo//params/turtlebot3_waffle_bridge.yaml
[8.444s] -- Symlinking: /home/hp/turtlebot3_ws/install/turtlebot3_gazebo/share/turtlebot3_gazebo//params/turtlebot3_waffle_pi_bridge.yaml
[8.463s] -- Symlinking: /home/hp/turtlebot3_ws/install/turtlebot3_gazebo/share/turtlebot3_gazebo//rviz/tb3_gazebo.rviz
[8.481s] -- Symlinking: /home/hp/turtlebot3_ws/install/turtlebot3_gazebo/share/turtlebot3_gazebo//urdf/common_properties.urdf
[8.501s] -- Symlinking: /home/hp/turtlebot3_ws/install/turtlebot3_gazebo/share/turtlebot3_gazebo//urdf/turtlebot3_burger.urdf
[8.524s] -- Symlinking: /home/hp/turtlebot3_ws/install/turtlebot3_gazebo/share/turtlebot3_gazebo//urdf/turtlebot3_burger_cam.urdf
[8.547s] -- Symlinking: /home/hp/turtlebot3_ws/install/turtlebot3_gazebo/share/turtlebot3_gazebo//urdf/turtlebot3_waffle.urdf
[8.570s] -- Symlinking: /home/hp/turtlebot3_ws/install/turtlebot3_gazebo/share/turtlebot3_gazebo//urdf/turtlebot3_waffle_pi.urdf
[8.592s] -- Symlinking: /home/hp/turtlebot3_ws/install/turtlebot3_gazebo/share/turtlebot3_gazebo//worlds/empty_world.world
[8.614s] -- Symlinking: /home/hp/turtlebot3_ws/install/turtlebot3_gazebo/share/turtlebot3_gazebo//worlds/turtlebot3_autorace_2020.world
[8.636s] -- Symlinking: /home/hp/turtlebot3_ws/install/turtlebot3_gazebo/share/turtlebot3_gazebo//worlds/turtlebot3_dqn_stage1.world
[8.660s] -- Symlinking: /home/hp/turtlebot3_ws/install/turtlebot3_gazebo/share/turtlebot3_gazebo//worlds/turtlebot3_dqn_stage2.world
[8.683s] -- Symlinking: /home/hp/turtlebot3_ws/install/turtlebot3_gazebo/share/turtlebot3_gazebo//worlds/turtlebot3_dqn_stage3.world
[8.705s] -- Symlinking: /home/hp/turtlebot3_ws/install/turtlebot3_gazebo/share/turtlebot3_gazebo//worlds/turtlebot3_dqn_stage4.world
[8.726s] -- Symlinking: /home/hp/turtlebot3_ws/install/turtlebot3_gazebo/share/turtlebot3_gazebo//worlds/turtlebot3_house.world
[8.745s] -- Symlinking: /home/hp/turtlebot3_ws/install/turtlebot3_gazebo/share/turtlebot3_gazebo//worlds/turtlebot3_world.world
[8.765s] -- Symlinking: /home/hp/turtlebot3_ws/install/turtlebot3_gazebo/include//turtlebot3_gazebo/obstacle1.hpp
[8.782s] -- Symlinking: /home/hp/turtlebot3_ws/install/turtlebot3_gazebo/include//turtlebot3_gazebo/obstacle2.hpp
[8.798s] -- Symlinking: /home/hp/turtlebot3_ws/install/turtlebot3_gazebo/include//turtlebot3_gazebo/obstacles.hpp
[8.816s] -- Symlinking: /home/hp/turtlebot3_ws/install/turtlebot3_gazebo/include//turtlebot3_gazebo/traffic_bar_plugin.hpp
[8.835s] -- Symlinking: /home/hp/turtlebot3_ws/install/turtlebot3_gazebo/include//turtlebot3_gazebo/traffic_light_plugin.hpp
[8.856s] -- Symlinking: /home/hp/turtlebot3_ws/install/turtlebot3_gazebo/include//turtlebot3_gazebo/turtlebot3_drive.hpp
[8.873s] -- Symlinking: /home/hp/turtlebot3_ws/install/turtlebot3_gazebo/share/ament_index/resource_index/package_run_dependencies/turtlebot3_gazebo
[8.897s] -- Symlinking: /home/hp/turtlebot3_ws/install/turtlebot3_gazebo/share/ament_index/resource_index/parent_prefix_path/turtlebot3_gazebo
[8.921s] -- Symlinking: /home/hp/turtlebot3_ws/install/turtlebot3_gazebo/share/turtlebot3_gazebo/environment/ament_prefix_path.sh
[8.947s] -- Symlinking: /home/hp/turtlebot3_ws/install/turtlebot3_gazebo/share/turtlebot3_gazebo/environment/ament_prefix_path.dsv
[8.969s] -- Symlinking: /home/hp/turtlebot3_ws/install/turtlebot3_gazebo/share/turtlebot3_gazebo/environment/path.sh
[8.990s] -- Symlinking: /home/hp/turtlebot3_ws/install/turtlebot3_gazebo/share/turtlebot3_gazebo/environment/path.dsv
[9.014s] -- Symlinking: /home/hp/turtlebot3_ws/install/turtlebot3_gazebo/share/turtlebot3_gazebo/local_setup.bash
[9.038s] -- Symlinking: /home/hp/turtlebot3_ws/install/turtlebot3_gazebo/share/turtlebot3_gazebo/local_setup.sh
[9.061s] -- Symlinking: /home/hp/turtlebot3_ws/install/turtlebot3_gazebo/share/turtlebot3_gazebo/local_setup.zsh
[9.083s] -- Symlinking: /home/hp/turtlebot3_ws/install/turtlebot3_gazebo/share/turtlebot3_gazebo/local_setup.dsv
[9.107s] -- Symlinking: /home/hp/turtlebot3_ws/install/turtlebot3_gazebo/share/turtlebot3_gazebo/package.dsv
[9.130s] -- Symlinking: /home/hp/turtlebot3_ws/install/turtlebot3_gazebo/share/ament_index/resource_index/packages/turtlebot3_gazebo
[9.156s] -- Symlinking: /home/hp/turtlebot3_ws/install/turtlebot3_gazebo/share/turtlebot3_gazebo/cmake/ament_cmake_export_include_directories-extras.cmake
[9.179s] -- Symlinking: /home/hp/turtlebot3_ws/install/turtlebot3_gazebo/share/turtlebot3_gazebo/cmake/ament_cmake_export_dependencies-extras.cmake
[9.203s] -- Symlinking: /home/hp/turtlebot3_ws/install/turtlebot3_gazebo/share/turtlebot3_gazebo/cmake/turtlebot3_gazeboConfig.cmake
[9.227s] -- Symlinking: /home/hp/turtlebot3_ws/install/turtlebot3_gazebo/share/turtlebot3_gazebo/cmake/turtlebot3_gazeboConfig-version.cmake
[9.251s] -- Symlinking: /home/hp/turtlebot3_ws/install/turtlebot3_gazebo/share/turtlebot3_gazebo/package.xml
[9.276s] Invoked command in '/home/hp/turtlebot3_ws/build/turtlebot3_gazebo' returned '0': CMAKE_PREFIX_PATH=${CMAKE_PREFIX_PATH}:/opt/ros/jazzy DEBUGINFOD_URLS=https://debuginfod.ubuntu.com /usr/bin/cmake --install /home/hp/turtlebot3_ws/build/turtlebot3_gazebo
