[5.191s] Invoking command in '/home/hp/turtlebot3_ws/src/turtlebot3/turtlebot3_example': DEBUGINFOD_URLS=https://debuginfod.ubuntu.com PYTHONPATH=/home/hp/turtlebot3_ws/build/turtlebot3_example/prefix_override:/usr/lib/python3/dist-packages/colcon_core/task/python/colcon_distutils_commands:/home/hp/turtlebot3_ws/install/turtlebot3_example/lib/python3.12/site-packages:${PYTHONPATH} /usr/bin/python3 -W ignore:setup.py install is deprecated -W ignore:easy_install command is deprecated setup.py egg_info --egg-base ../../../build/turtlebot3_example build --build-base /home/hp/turtlebot3_ws/build/turtlebot3_example/build install --record /home/hp/turtlebot3_ws/build/turtlebot3_example/install.log --single-version-externally-managed install_data
[5.947s] running egg_info
[5.948s] creating ../../../build/turtlebot3_example/turtlebot3_example.egg-info
[6.020s] writing ../../../build/turtlebot3_example/turtlebot3_example.egg-info/PKG-INFO
[6.021s] writing dependency_links to ../../../build/turtlebot3_example/turtlebot3_example.egg-info/dependency_links.txt
[6.021s] writing entry points to ../../../build/turtlebot3_example/turtlebot3_example.egg-info/entry_points.txt
[6.021s] writing requirements to ../../../build/turtlebot3_example/turtlebot3_example.egg-info/requires.txt
[6.021s] writing top-level names to ../../../build/turtlebot3_example/turtlebot3_example.egg-info/top_level.txt
[6.021s] writing manifest file '../../../build/turtlebot3_example/turtlebot3_example.egg-info/SOURCES.txt'
[6.161s] reading manifest file '../../../build/turtlebot3_example/turtlebot3_example.egg-info/SOURCES.txt'
[6.164s] writing manifest file '../../../build/turtlebot3_example/turtlebot3_example.egg-info/SOURCES.txt'
[6.165s] running build
[6.165s] running build_py
[6.166s] creating /home/hp/turtlebot3_ws/build/turtlebot3_example/build
[6.166s] creating /home/hp/turtlebot3_ws/build/turtlebot3_example/build/lib
[6.166s] creating /home/hp/turtlebot3_ws/build/turtlebot3_example/build/lib/turtlebot3_example
[6.167s] copying turtlebot3_example/__init__.py -> /home/hp/turtlebot3_ws/build/turtlebot3_example/build/lib/turtlebot3_example
[6.167s] creating /home/hp/turtlebot3_ws/build/turtlebot3_example/build/lib/turtlebot3_example/turtlebot3_interactive_marker
[6.167s] copying turtlebot3_example/turtlebot3_interactive_marker/__init__.py -> /home/hp/turtlebot3_ws/build/turtlebot3_example/build/lib/turtlebot3_example/turtlebot3_interactive_marker
[6.167s] copying turtlebot3_example/turtlebot3_interactive_marker/turtlebot3_interactive_marker.py -> /home/hp/turtlebot3_ws/build/turtlebot3_example/build/lib/turtlebot3_example/turtlebot3_interactive_marker
[6.181s] creating /home/hp/turtlebot3_ws/build/turtlebot3_example/build/lib/turtlebot3_example/turtlebot3_position_control
[6.181s] copying turtlebot3_example/turtlebot3_position_control/turtlebot3_position_control_pointop_key.py -> /home/hp/turtlebot3_ws/build/turtlebot3_example/build/lib/turtlebot3_example/turtlebot3_position_control
[6.182s] copying turtlebot3_example/turtlebot3_position_control/__init__.py -> /home/hp/turtlebot3_ws/build/turtlebot3_example/build/lib/turtlebot3_example/turtlebot3_position_control
[6.182s] creating /home/hp/turtlebot3_ws/build/turtlebot3_example/build/lib/turtlebot3_example/turtlebot3_obstacle_detection
[6.183s] copying turtlebot3_example/turtlebot3_obstacle_detection/turtlebot3_obstacle_detection.py -> /home/hp/turtlebot3_ws/build/turtlebot3_example/build/lib/turtlebot3_example/turtlebot3_obstacle_detection
[6.183s] copying turtlebot3_example/turtlebot3_obstacle_detection/__init__.py -> /home/hp/turtlebot3_ws/build/turtlebot3_example/build/lib/turtlebot3_example/turtlebot3_obstacle_detection
[6.183s] creating /home/hp/turtlebot3_ws/build/turtlebot3_example/build/lib/turtlebot3_example/turtlebot3_patrol
[6.187s] copying turtlebot3_example/turtlebot3_patrol/turtlebot3_patrol_client.py -> /home/hp/turtlebot3_ws/build/turtlebot3_example/build/lib/turtlebot3_example/turtlebot3_patrol
[6.188s] copying turtlebot3_example/turtlebot3_patrol/__init__.py -> /home/hp/turtlebot3_ws/build/turtlebot3_example/build/lib/turtlebot3_example/turtlebot3_patrol
[6.188s] copying turtlebot3_example/turtlebot3_patrol/turtlebot3_patrol_server.py -> /home/hp/turtlebot3_ws/build/turtlebot3_example/build/lib/turtlebot3_example/turtlebot3_patrol
[6.210s] running install
[6.238s] running install_lib
[6.302s] creating /home/hp/turtlebot3_ws/install/turtlebot3_example/lib/python3.12/site-packages/turtlebot3_example
[6.302s] creating /home/hp/turtlebot3_ws/install/turtlebot3_example/lib/python3.12/site-packages/turtlebot3_example/turtlebot3_interactive_marker
[6.303s] copying /home/hp/turtlebot3_ws/build/turtlebot3_example/build/lib/turtlebot3_example/turtlebot3_interactive_marker/__init__.py -> /home/hp/turtlebot3_ws/install/turtlebot3_example/lib/python3.12/site-packages/turtlebot3_example/turtlebot3_interactive_marker
[6.303s] copying /home/hp/turtlebot3_ws/build/turtlebot3_example/build/lib/turtlebot3_example/turtlebot3_interactive_marker/turtlebot3_interactive_marker.py -> /home/hp/turtlebot3_ws/install/turtlebot3_example/lib/python3.12/site-packages/turtlebot3_example/turtlebot3_interactive_marker
[6.304s] copying /home/hp/turtlebot3_ws/build/turtlebot3_example/build/lib/turtlebot3_example/__init__.py -> /home/hp/turtlebot3_ws/install/turtlebot3_example/lib/python3.12/site-packages/turtlebot3_example
[6.304s] creating /home/hp/turtlebot3_ws/install/turtlebot3_example/lib/python3.12/site-packages/turtlebot3_example/turtlebot3_position_control
[6.304s] copying /home/hp/turtlebot3_ws/build/turtlebot3_example/build/lib/turtlebot3_example/turtlebot3_position_control/turtlebot3_position_control_pointop_key.py -> /home/hp/turtlebot3_ws/install/turtlebot3_example/lib/python3.12/site-packages/turtlebot3_example/turtlebot3_position_control
[6.305s] copying /home/hp/turtlebot3_ws/build/turtlebot3_example/build/lib/turtlebot3_example/turtlebot3_position_control/__init__.py -> /home/hp/turtlebot3_ws/install/turtlebot3_example/lib/python3.12/site-packages/turtlebot3_example/turtlebot3_position_control
[6.305s] creating /home/hp/turtlebot3_ws/install/turtlebot3_example/lib/python3.12/site-packages/turtlebot3_example/turtlebot3_obstacle_detection
[6.305s] copying /home/hp/turtlebot3_ws/build/turtlebot3_example/build/lib/turtlebot3_example/turtlebot3_obstacle_detection/turtlebot3_obstacle_detection.py -> /home/hp/turtlebot3_ws/install/turtlebot3_example/lib/python3.12/site-packages/turtlebot3_example/turtlebot3_obstacle_detection
[6.306s] copying /home/hp/turtlebot3_ws/build/turtlebot3_example/build/lib/turtlebot3_example/turtlebot3_obstacle_detection/__init__.py -> /home/hp/turtlebot3_ws/install/turtlebot3_example/lib/python3.12/site-packages/turtlebot3_example/turtlebot3_obstacle_detection
[6.306s] creating /home/hp/turtlebot3_ws/install/turtlebot3_example/lib/python3.12/site-packages/turtlebot3_example/turtlebot3_patrol
[6.306s] copying /home/hp/turtlebot3_ws/build/turtlebot3_example/build/lib/turtlebot3_example/turtlebot3_patrol/turtlebot3_patrol_client.py -> /home/hp/turtlebot3_ws/install/turtlebot3_example/lib/python3.12/site-packages/turtlebot3_example/turtlebot3_patrol
[6.306s] copying /home/hp/turtlebot3_ws/build/turtlebot3_example/build/lib/turtlebot3_example/turtlebot3_patrol/__init__.py -> /home/hp/turtlebot3_ws/install/turtlebot3_example/lib/python3.12/site-packages/turtlebot3_example/turtlebot3_patrol
[6.307s] copying /home/hp/turtlebot3_ws/build/turtlebot3_example/build/lib/turtlebot3_example/turtlebot3_patrol/turtlebot3_patrol_server.py -> /home/hp/turtlebot3_ws/install/turtlebot3_example/lib/python3.12/site-packages/turtlebot3_example/turtlebot3_patrol
[6.308s] byte-compiling /home/hp/turtlebot3_ws/install/turtlebot3_example/lib/python3.12/site-packages/turtlebot3_example/turtlebot3_interactive_marker/__init__.py to __init__.cpython-312.pyc
[6.308s] byte-compiling /home/hp/turtlebot3_ws/install/turtlebot3_example/lib/python3.12/site-packages/turtlebot3_example/turtlebot3_interactive_marker/turtlebot3_interactive_marker.py to turtlebot3_interactive_marker.cpython-312.pyc
[6.312s] byte-compiling /home/hp/turtlebot3_ws/install/turtlebot3_example/lib/python3.12/site-packages/turtlebot3_example/__init__.py to __init__.cpython-312.pyc
[6.312s] byte-compiling /home/hp/turtlebot3_ws/install/turtlebot3_example/lib/python3.12/site-packages/turtlebot3_example/turtlebot3_position_control/turtlebot3_position_control_pointop_key.py to turtlebot3_position_control_pointop_key.cpython-312.pyc
[6.315s] byte-compiling /home/hp/turtlebot3_ws/install/turtlebot3_example/lib/python3.12/site-packages/turtlebot3_example/turtlebot3_position_control/__init__.py to __init__.cpython-312.pyc
[6.316s] byte-compiling /home/hp/turtlebot3_ws/install/turtlebot3_example/lib/python3.12/site-packages/turtlebot3_example/turtlebot3_obstacle_detection/turtlebot3_obstacle_detection.py to turtlebot3_obstacle_detection.cpython-312.pyc
[6.319s] byte-compiling /home/hp/turtlebot3_ws/install/turtlebot3_example/lib/python3.12/site-packages/turtlebot3_example/turtlebot3_obstacle_detection/__init__.py to __init__.cpython-312.pyc
[6.319s] byte-compiling /home/hp/turtlebot3_ws/install/turtlebot3_example/lib/python3.12/site-packages/turtlebot3_example/turtlebot3_patrol/turtlebot3_patrol_client.py to turtlebot3_patrol_client.cpython-312.pyc
[6.321s] byte-compiling /home/hp/turtlebot3_ws/install/turtlebot3_example/lib/python3.12/site-packages/turtlebot3_example/turtlebot3_patrol/__init__.py to __init__.cpython-312.pyc
[6.321s] byte-compiling /home/hp/turtlebot3_ws/install/turtlebot3_example/lib/python3.12/site-packages/turtlebot3_example/turtlebot3_patrol/turtlebot3_patrol_server.py to turtlebot3_patrol_server.cpython-312.pyc
[6.325s] running install_data
[6.326s] creating /home/hp/turtlebot3_ws/install/turtlebot3_example/share/ament_index
[6.327s] creating /home/hp/turtlebot3_ws/install/turtlebot3_example/share/ament_index/resource_index
[6.327s] creating /home/hp/turtlebot3_ws/install/turtlebot3_example/share/ament_index/resource_index/packages
[6.327s] copying resource/turtlebot3_example -> /home/hp/turtlebot3_ws/install/turtlebot3_example/share/ament_index/resource_index/packages
[6.327s] copying package.xml -> /home/hp/turtlebot3_ws/install/turtlebot3_example/share/turtlebot3_example
[6.330s] running install_egg_info
[6.391s] Copying ../../../build/turtlebot3_example/turtlebot3_example.egg-info to /home/hp/turtlebot3_ws/install/turtlebot3_example/lib/python3.12/site-packages/turtlebot3_example-2.2.6-py3.12.egg-info
[6.394s] running install_scripts
[6.779s] Installing turtlebot3_interactive_marker script to /home/hp/turtlebot3_ws/install/turtlebot3_example/lib/turtlebot3_example
[6.779s] Installing turtlebot3_obstacle_detection script to /home/hp/turtlebot3_ws/install/turtlebot3_example/lib/turtlebot3_example
[6.783s] Installing turtlebot3_patrol_client script to /home/hp/turtlebot3_ws/install/turtlebot3_example/lib/turtlebot3_example
[6.783s] Installing turtlebot3_patrol_server script to /home/hp/turtlebot3_ws/install/turtlebot3_example/lib/turtlebot3_example
[6.784s] Installing turtlebot3_position_control_pointop_key script to /home/hp/turtlebot3_ws/install/turtlebot3_example/lib/turtlebot3_example
[6.784s] writing list of installed files to '/home/hp/turtlebot3_ws/build/turtlebot3_example/install.log'
[6.851s] Invoked command in '/home/hp/turtlebot3_ws/src/turtlebot3/turtlebot3_example' returned '0': DEBUGINFOD_URLS=https://debuginfod.ubuntu.com PYTHONPATH=/home/hp/turtlebot3_ws/build/turtlebot3_example/prefix_override:/usr/lib/python3/dist-packages/colcon_core/task/python/colcon_distutils_commands:/home/hp/turtlebot3_ws/install/turtlebot3_example/lib/python3.12/site-packages:${PYTHONPATH} /usr/bin/python3 -W ignore:setup.py install is deprecated -W ignore:easy_install command is deprecated setup.py egg_info --egg-base ../../../build/turtlebot3_example build --build-base /home/hp/turtlebot3_ws/build/turtlebot3_example/build install --record /home/hp/turtlebot3_ws/build/turtlebot3_example/install.log --single-version-externally-managed install_data
