[0.113s] Invoking command in '/home/hp/turtlebot3_ws/build/turtlebot3_manipulator_gazebo': CMAKE_PREFIX_PATH=/home/hp/turtlebot3_ws/install/turtlebot3_gazebo:/home/hp/turtlebot3_ws/install/turtlebot3_description:/home/hp/turtlebot3_ws/install/turtlebot3:/home/hp/turtlebot3_ws/install/turtlebot3_simulations:/home/hp/turtlebot3_ws/install/turtlebot3_bringup:/home/hp/turtlebot3_ws/install/turtlebot3_node:/home/hp/turtlebot3_ws/install/turtlebot3_navigation2:/home/hp/turtlebot3_ws/install/turtlebot3_manipulator_gazebo:/home/hp/turtlebot3_ws/install/turtlebot3_fake_node:/home/hp/turtlebot3_ws/install/turtlebot3_cartographer:/usr/share/gazebo:/opt/ros/jazzy/opt/gz_sim_vendor:/opt/ros/jazzy/opt/gz_sensors_vendor:/opt/ros/jazzy/opt/gz_physics_vendor:/opt/ros/jazzy/opt/sdformat_vendor:/opt/ros/jazzy/opt/gz_gui_vendor:/opt/ros/jazzy/opt/gz_transport_vendor:/opt/ros/jazzy/opt/gz_rendering_vendor:/opt/ros/jazzy/opt/gz_plugin_vendor:/opt/ros/jazzy/opt/gz_fuel_tools_vendor:/opt/ros/jazzy/opt/gz_msgs_vendor:/opt/ros/jazzy/opt/gz_common_vendor:/opt/ros/jazzy/opt/gz_math_vendor:/opt/ros/jazzy/opt/gz_utils_vendor:/opt/ros/jazzy/opt/gz_tools_vendor:/opt/ros/jazzy/opt/gz_ogre_next_vendor:/opt/ros/jazzy/opt/gz_dartsim_vendor:/opt/ros/jazzy/opt/gz_cmake_vendor:/home/hp/turtlebot3_ws/install/turtlebot3_teleop:/home/hp/turtlebot3_ws/install/turtlebot3_example:/opt/ros/jazzy DEBUGINFOD_URLS=https://debuginfod.ubuntu.com /usr/bin/cmake --build /home/hp/turtlebot3_ws/build/turtlebot3_manipulator_gazebo -- -j4 -l4
[0.251s] -- Found ament_cmake: 2.5.3 (/opt/ros/jazzy/share/ament_cmake/cmake)
[1.544s] -- Override CMake install command with custom implementation using symlinks instead of copying resources
[1.747s] -- Found rclcpp: 28.1.8 (/opt/ros/jazzy/share/rclcpp/cmake)
[2.617s] -- Found rosidl_generator_c: 4.6.5 (/opt/ros/jazzy/share/rosidl_generator_c/cmake)
[2.824s] -- Found rosidl_generator_cpp: 4.6.5 (/opt/ros/jazzy/share/rosidl_generator_cpp/cmake)
[3.066s] -- Using all available rosidl_typesupport_c: rosidl_typesupport_fastrtps_c;rosidl_typesupport_introspection_c
[3.324s] -- Using all available rosidl_typesupport_cpp: rosidl_typesupport_fastrtps_cpp;rosidl_typesupport_introspection_cpp
[4.433s] -- Found rmw_implementation_cmake: 7.3.2 (/opt/ros/jazzy/share/rmw_implementation_cmake/cmake)
[4.516s] -- Found rmw_fastrtps_cpp: 8.4.2 (/opt/ros/jazzy/share/rmw_fastrtps_cpp/cmake)
[5.708s] -- Found OpenSSL: /usr/lib/x86_64-linux-gnu/libcrypto.so (found version "3.0.13")  
[5.902s] -- Found FastRTPS: /opt/ros/jazzy/include (Required is at least version "2.13") 
[6.052s] -- Using RMW implementation 'rmw_fastrtps_cpp' as default
[7.193s] -- Found urdf: 2.10.0 (/opt/ros/jazzy/share/urdf/cmake)
[7.722s] -- Found xacro: 2.0.13 (/opt/ros/jazzy/share/xacro/cmake)
[8.398s] -- Configuring done (8.2s)
[8.439s] -- Generating done (0.0s)
[8.446s] -- Build files have been written to: /home/hp/turtlebot3_ws/build/turtlebot3_manipulator_gazebo
[8.623s] Invoked command in '/home/hp/turtlebot3_ws/build/turtlebot3_manipulator_gazebo' returned '0': CMAKE_PREFIX_PATH=/home/hp/turtlebot3_ws/install/turtlebot3_gazebo:/home/hp/turtlebot3_ws/install/turtlebot3_description:/home/hp/turtlebot3_ws/install/turtlebot3:/home/hp/turtlebot3_ws/install/turtlebot3_simulations:/home/hp/turtlebot3_ws/install/turtlebot3_bringup:/home/hp/turtlebot3_ws/install/turtlebot3_node:/home/hp/turtlebot3_ws/install/turtlebot3_navigation2:/home/hp/turtlebot3_ws/install/turtlebot3_manipulator_gazebo:/home/hp/turtlebot3_ws/install/turtlebot3_fake_node:/home/hp/turtlebot3_ws/install/turtlebot3_cartographer:/usr/share/gazebo:/opt/ros/jazzy/opt/gz_sim_vendor:/opt/ros/jazzy/opt/gz_sensors_vendor:/opt/ros/jazzy/opt/gz_physics_vendor:/opt/ros/jazzy/opt/sdformat_vendor:/opt/ros/jazzy/opt/gz_gui_vendor:/opt/ros/jazzy/opt/gz_transport_vendor:/opt/ros/jazzy/opt/gz_rendering_vendor:/opt/ros/jazzy/opt/gz_plugin_vendor:/opt/ros/jazzy/opt/gz_fuel_tools_vendor:/opt/ros/jazzy/opt/gz_msgs_vendor:/opt/ros/jazzy/opt/gz_common_vendor:/opt/ros/jazzy/opt/gz_math_vendor:/opt/ros/jazzy/opt/gz_utils_vendor:/opt/ros/jazzy/opt/gz_tools_vendor:/opt/ros/jazzy/opt/gz_ogre_next_vendor:/opt/ros/jazzy/opt/gz_dartsim_vendor:/opt/ros/jazzy/opt/gz_cmake_vendor:/home/hp/turtlebot3_ws/install/turtlebot3_teleop:/home/hp/turtlebot3_ws/install/turtlebot3_example:/opt/ros/jazzy DEBUGINFOD_URLS=https://debuginfod.ubuntu.com /usr/bin/cmake --build /home/hp/turtlebot3_ws/build/turtlebot3_manipulator_gazebo -- -j4 -l4
[8.684s] Invoking command in '/home/hp/turtlebot3_ws/build/turtlebot3_manipulator_gazebo': CMAKE_PREFIX_PATH=/home/hp/turtlebot3_ws/install/turtlebot3_gazebo:/home/hp/turtlebot3_ws/install/turtlebot3_description:/home/hp/turtlebot3_ws/install/turtlebot3:/home/hp/turtlebot3_ws/install/turtlebot3_simulations:/home/hp/turtlebot3_ws/install/turtlebot3_bringup:/home/hp/turtlebot3_ws/install/turtlebot3_node:/home/hp/turtlebot3_ws/install/turtlebot3_navigation2:/home/hp/turtlebot3_ws/install/turtlebot3_manipulator_gazebo:/home/hp/turtlebot3_ws/install/turtlebot3_fake_node:/home/hp/turtlebot3_ws/install/turtlebot3_cartographer:/usr/share/gazebo:/opt/ros/jazzy/opt/gz_sim_vendor:/opt/ros/jazzy/opt/gz_sensors_vendor:/opt/ros/jazzy/opt/gz_physics_vendor:/opt/ros/jazzy/opt/sdformat_vendor:/opt/ros/jazzy/opt/gz_gui_vendor:/opt/ros/jazzy/opt/gz_transport_vendor:/opt/ros/jazzy/opt/gz_rendering_vendor:/opt/ros/jazzy/opt/gz_plugin_vendor:/opt/ros/jazzy/opt/gz_fuel_tools_vendor:/opt/ros/jazzy/opt/gz_msgs_vendor:/opt/ros/jazzy/opt/gz_common_vendor:/opt/ros/jazzy/opt/gz_math_vendor:/opt/ros/jazzy/opt/gz_utils_vendor:/opt/ros/jazzy/opt/gz_tools_vendor:/opt/ros/jazzy/opt/gz_ogre_next_vendor:/opt/ros/jazzy/opt/gz_dartsim_vendor:/opt/ros/jazzy/opt/gz_cmake_vendor:/home/hp/turtlebot3_ws/install/turtlebot3_teleop:/home/hp/turtlebot3_ws/install/turtlebot3_example:/opt/ros/jazzy DEBUGINFOD_URLS=https://debuginfod.ubuntu.com /usr/bin/cmake --install /home/hp/turtlebot3_ws/build/turtlebot3_manipulator_gazebo
[8.721s] -- Install configuration: ""
[8.724s] -- Execute custom install script
[8.728s] -- Up-to-date symlink: /home/hp/turtlebot3_ws/install/turtlebot3_manipulator_gazebo/share/turtlebot3_manipulator_gazebo//launch/turtlebot3_manipulator_gazebo.launch.py
[8.733s] -- Symlinking: /home/hp/turtlebot3_ws/install/turtlebot3_manipulator_gazebo/share/turtlebot3_manipulator_gazebo//urdf/turtlebot3_waffle_manipulator.urdf.xacro
[8.786s] -- Up-to-date symlink: /home/hp/turtlebot3_ws/install/turtlebot3_manipulator_gazebo/share/ament_index/resource_index/package_run_dependencies/turtlebot3_manipulator_gazebo
[8.796s] -- Up-to-date symlink: /home/hp/turtlebot3_ws/install/turtlebot3_manipulator_gazebo/share/ament_index/resource_index/parent_prefix_path/turtlebot3_manipulator_gazebo
[8.800s] -- Up-to-date symlink: /home/hp/turtlebot3_ws/install/turtlebot3_manipulator_gazebo/share/turtlebot3_manipulator_gazebo/environment/ament_prefix_path.sh
[8.801s] -- Up-to-date symlink: /home/hp/turtlebot3_ws/install/turtlebot3_manipulator_gazebo/share/turtlebot3_manipulator_gazebo/environment/ament_prefix_path.dsv
[8.802s] -- Up-to-date symlink: /home/hp/turtlebot3_ws/install/turtlebot3_manipulator_gazebo/share/turtlebot3_manipulator_gazebo/environment/path.sh
[8.806s] -- Up-to-date symlink: /home/hp/turtlebot3_ws/install/turtlebot3_manipulator_gazebo/share/turtlebot3_manipulator_gazebo/environment/path.dsv
[8.807s] -- Up-to-date symlink: /home/hp/turtlebot3_ws/install/turtlebot3_manipulator_gazebo/share/turtlebot3_manipulator_gazebo/local_setup.bash
[8.810s] -- Up-to-date symlink: /home/hp/turtlebot3_ws/install/turtlebot3_manipulator_gazebo/share/turtlebot3_manipulator_gazebo/local_setup.sh
[8.810s] -- Up-to-date symlink: /home/hp/turtlebot3_ws/install/turtlebot3_manipulator_gazebo/share/turtlebot3_manipulator_gazebo/local_setup.zsh
[8.812s] -- Up-to-date symlink: /home/hp/turtlebot3_ws/install/turtlebot3_manipulator_gazebo/share/turtlebot3_manipulator_gazebo/local_setup.dsv
[8.813s] -- Symlinking: /home/hp/turtlebot3_ws/install/turtlebot3_manipulator_gazebo/share/turtlebot3_manipulator_gazebo/package.dsv
[8.874s] -- Up-to-date symlink: /home/hp/turtlebot3_ws/install/turtlebot3_manipulator_gazebo/share/ament_index/resource_index/packages/turtlebot3_manipulator_gazebo
[8.879s] -- Up-to-date symlink: /home/hp/turtlebot3_ws/install/turtlebot3_manipulator_gazebo/share/turtlebot3_manipulator_gazebo/cmake/turtlebot3_manipulator_gazeboConfig.cmake
[8.884s] -- Up-to-date symlink: /home/hp/turtlebot3_ws/install/turtlebot3_manipulator_gazebo/share/turtlebot3_manipulator_gazebo/cmake/turtlebot3_manipulator_gazeboConfig-version.cmake
[8.884s] -- Up-to-date symlink: /home/hp/turtlebot3_ws/install/turtlebot3_manipulator_gazebo/share/turtlebot3_manipulator_gazebo/package.xml
[8.893s] Invoked command in '/home/hp/turtlebot3_ws/build/turtlebot3_manipulator_gazebo' returned '0': CMAKE_PREFIX_PATH=/home/hp/turtlebot3_ws/install/turtlebot3_gazebo:/home/hp/turtlebot3_ws/install/turtlebot3_description:/home/hp/turtlebot3_ws/install/turtlebot3:/home/hp/turtlebot3_ws/install/turtlebot3_simulations:/home/hp/turtlebot3_ws/install/turtlebot3_bringup:/home/hp/turtlebot3_ws/install/turtlebot3_node:/home/hp/turtlebot3_ws/install/turtlebot3_navigation2:/home/hp/turtlebot3_ws/install/turtlebot3_manipulator_gazebo:/home/hp/turtlebot3_ws/install/turtlebot3_fake_node:/home/hp/turtlebot3_ws/install/turtlebot3_cartographer:/usr/share/gazebo:/opt/ros/jazzy/opt/gz_sim_vendor:/opt/ros/jazzy/opt/gz_sensors_vendor:/opt/ros/jazzy/opt/gz_physics_vendor:/opt/ros/jazzy/opt/sdformat_vendor:/opt/ros/jazzy/opt/gz_gui_vendor:/opt/ros/jazzy/opt/gz_transport_vendor:/opt/ros/jazzy/opt/gz_rendering_vendor:/opt/ros/jazzy/opt/gz_plugin_vendor:/opt/ros/jazzy/opt/gz_fuel_tools_vendor:/opt/ros/jazzy/opt/gz_msgs_vendor:/opt/ros/jazzy/opt/gz_common_vendor:/opt/ros/jazzy/opt/gz_math_vendor:/opt/ros/jazzy/opt/gz_utils_vendor:/opt/ros/jazzy/opt/gz_tools_vendor:/opt/ros/jazzy/opt/gz_ogre_next_vendor:/opt/ros/jazzy/opt/gz_dartsim_vendor:/opt/ros/jazzy/opt/gz_cmake_vendor:/home/hp/turtlebot3_ws/install/turtlebot3_teleop:/home/hp/turtlebot3_ws/install/turtlebot3_example:/opt/ros/jazzy DEBUGINFOD_URLS=https://debuginfod.ubuntu.com /usr/bin/cmake --install /home/hp/turtlebot3_ws/build/turtlebot3_manipulator_gazebo
