[0.734s] DEBUG:colcon:Command line arguments: ['/usr/bin/colcon', 'build', '--symlink-install', '--packages-select', 'turtlebot3_manipulator_gazebo']
[0.734s] DEBUG:colcon:Parsed command line arguments: Namespace(log_base=None, log_level=None, verb_name='build', build_base='build', install_base='install', merge_install=False, symlink_install=True, test_result_base=None, continue_on_error=False, executor='parallel', parallel_workers=4, event_handlers=None, ignore_user_meta=False, metas=['./colcon.meta'], base_paths=['.'], packages_ignore=None, packages_ignore_regex=None, paths=None, packages_up_to=None, packages_up_to_regex=None, packages_above=None, packages_above_and_dependencies=None, packages_above_depth=None, packages_select_by_dep=None, packages_skip_by_dep=None, packages_skip_up_to=None, packages_select_build_failed=False, packages_skip_build_finished=False, packages_select_test_failures=False, packages_skip_test_passed=False, packages_select=['turtlebot3_manipulator_gazebo'], packages_skip=None, packages_select_regex=None, packages_skip_regex=None, packages_start=None, packages_end=None, allow_overriding=[], cmake_args=None, cmake_target=None, cmake_target_skip_unavailable=False, cmake_clean_cache=False, cmake_clean_first=False, cmake_force_configure=False, ament_cmake_args=None, catkin_cmake_args=None, catkin_skip_building_tests=False, mixin_files=None, mixin=None, verb_parser=<colcon_mixin.mixin.mixin_argument.MixinArgumentDecorator object at 0x73f3aaa92f00>, verb_extension=<colcon_core.verb.build.BuildVerb object at 0x73f3aaa927b0>, main=<bound method BuildVerb.main of <colcon_core.verb.build.BuildVerb object at 0x73f3aaa927b0>>, mixin_verb=('build',))
[1.015s] Level 1:colcon.colcon_core.package_discovery:discover_packages(colcon_meta) check parameters
[1.016s] Level 1:colcon.colcon_core.package_discovery:discover_packages(recursive) check parameters
[1.017s] Level 1:colcon.colcon_core.package_discovery:discover_packages(ignore) check parameters
[1.017s] Level 1:colcon.colcon_core.package_discovery:discover_packages(path) check parameters
[1.017s] Level 1:colcon.colcon_core.package_discovery:discover_packages(colcon_meta) discover
[1.017s] Level 1:colcon.colcon_core.package_discovery:discover_packages(recursive) discover
[1.018s] INFO:colcon.colcon_core.package_discovery:Crawling recursively for packages in '/home/hp/turtlebot3_ws'
[1.018s] Level 1:colcon.colcon_core.package_identification:_identify(.) by extensions ['ignore', 'ignore_ament_install']
[1.019s] Level 1:colcon.colcon_core.package_identification:_identify(.) by extension 'ignore'
[1.019s] Level 1:colcon.colcon_core.package_identification:_identify(.) by extension 'ignore_ament_install'
[1.020s] Level 1:colcon.colcon_core.package_identification:_identify(.) by extensions ['colcon_pkg']
[1.020s] Level 1:colcon.colcon_core.package_identification:_identify(.) by extension 'colcon_pkg'
[1.021s] Level 1:colcon.colcon_core.package_identification:_identify(.) by extensions ['colcon_meta']
[1.022s] Level 1:colcon.colcon_core.package_identification:_identify(.) by extension 'colcon_meta'
[1.022s] Level 1:colcon.colcon_core.package_identification:_identify(.) by extensions ['ros']
[1.026s] Level 1:colcon.colcon_core.package_identification:_identify(.) by extension 'ros'
[1.208s] Level 1:colcon.colcon_core.package_identification:_identify(.) by extensions ['cmake', 'python']
[1.209s] Level 1:colcon.colcon_core.package_identification:_identify(.) by extension 'cmake'
[1.209s] Level 1:colcon.colcon_core.package_identification:_identify(.) by extension 'python'
[1.209s] Level 1:colcon.colcon_core.package_identification:_identify(.) by extensions ['python_setup_py']
[1.209s] Level 1:colcon.colcon_core.package_identification:_identify(.) by extension 'python_setup_py'
[1.209s] Level 1:colcon.colcon_core.package_identification:_identify(build) by extensions ['ignore', 'ignore_ament_install']
[1.210s] Level 1:colcon.colcon_core.package_identification:_identify(build) by extension 'ignore'
[1.210s] Level 1:colcon.colcon_core.package_identification:_identify(build) ignored
[1.210s] Level 1:colcon.colcon_core.package_identification:_identify(install) by extensions ['ignore', 'ignore_ament_install']
[1.210s] Level 1:colcon.colcon_core.package_identification:_identify(install) by extension 'ignore'
[1.210s] Level 1:colcon.colcon_core.package_identification:_identify(install) ignored
[1.211s] Level 1:colcon.colcon_core.package_identification:_identify(log) by extensions ['ignore', 'ignore_ament_install']
[1.211s] Level 1:colcon.colcon_core.package_identification:_identify(log) by extension 'ignore'
[1.211s] Level 1:colcon.colcon_core.package_identification:_identify(log) ignored
[1.211s] Level 1:colcon.colcon_core.package_identification:_identify(src) by extensions ['ignore', 'ignore_ament_install']
[1.212s] Level 1:colcon.colcon_core.package_identification:_identify(src) by extension 'ignore'
[1.212s] Level 1:colcon.colcon_core.package_identification:_identify(src) by extension 'ignore_ament_install'
[1.213s] Level 1:colcon.colcon_core.package_identification:_identify(src) by extensions ['colcon_pkg']
[1.213s] Level 1:colcon.colcon_core.package_identification:_identify(src) by extension 'colcon_pkg'
[1.213s] Level 1:colcon.colcon_core.package_identification:_identify(src) by extensions ['colcon_meta']
[1.213s] Level 1:colcon.colcon_core.package_identification:_identify(src) by extension 'colcon_meta'
[1.213s] Level 1:colcon.colcon_core.package_identification:_identify(src) by extensions ['ros']
[1.213s] Level 1:colcon.colcon_core.package_identification:_identify(src) by extension 'ros'
[1.214s] Level 1:colcon.colcon_core.package_identification:_identify(src) by extensions ['cmake', 'python']
[1.214s] Level 1:colcon.colcon_core.package_identification:_identify(src) by extension 'cmake'
[1.214s] Level 1:colcon.colcon_core.package_identification:_identify(src) by extension 'python'
[1.215s] Level 1:colcon.colcon_core.package_identification:_identify(src) by extensions ['python_setup_py']
[1.215s] Level 1:colcon.colcon_core.package_identification:_identify(src) by extension 'python_setup_py'
[1.216s] Level 1:colcon.colcon_core.package_identification:_identify(src/turtlebot3) by extensions ['ignore', 'ignore_ament_install']
[1.216s] Level 1:colcon.colcon_core.package_identification:_identify(src/turtlebot3) by extension 'ignore'
[1.216s] Level 1:colcon.colcon_core.package_identification:_identify(src/turtlebot3) by extension 'ignore_ament_install'
[1.217s] Level 1:colcon.colcon_core.package_identification:_identify(src/turtlebot3) by extensions ['colcon_pkg']
[1.217s] Level 1:colcon.colcon_core.package_identification:_identify(src/turtlebot3) by extension 'colcon_pkg'
[1.217s] Level 1:colcon.colcon_core.package_identification:_identify(src/turtlebot3) by extensions ['colcon_meta']
[1.217s] Level 1:colcon.colcon_core.package_identification:_identify(src/turtlebot3) by extension 'colcon_meta'
[1.218s] Level 1:colcon.colcon_core.package_identification:_identify(src/turtlebot3) by extensions ['ros']
[1.218s] Level 1:colcon.colcon_core.package_identification:_identify(src/turtlebot3) by extension 'ros'
[1.218s] Level 1:colcon.colcon_core.package_identification:_identify(src/turtlebot3) by extensions ['cmake', 'python']
[1.218s] Level 1:colcon.colcon_core.package_identification:_identify(src/turtlebot3) by extension 'cmake'
[1.218s] Level 1:colcon.colcon_core.package_identification:_identify(src/turtlebot3) by extension 'python'
[1.218s] Level 1:colcon.colcon_core.package_identification:_identify(src/turtlebot3) by extensions ['python_setup_py']
[1.219s] Level 1:colcon.colcon_core.package_identification:_identify(src/turtlebot3) by extension 'python_setup_py'
[1.219s] Level 1:colcon.colcon_core.package_identification:_identify(src/turtlebot3/turtlebot3) by extensions ['ignore', 'ignore_ament_install']
[1.220s] Level 1:colcon.colcon_core.package_identification:_identify(src/turtlebot3/turtlebot3) by extension 'ignore'
[1.220s] Level 1:colcon.colcon_core.package_identification:_identify(src/turtlebot3/turtlebot3) by extension 'ignore_ament_install'
[1.220s] Level 1:colcon.colcon_core.package_identification:_identify(src/turtlebot3/turtlebot3) by extensions ['colcon_pkg']
[1.220s] Level 1:colcon.colcon_core.package_identification:_identify(src/turtlebot3/turtlebot3) by extension 'colcon_pkg'
[1.221s] Level 1:colcon.colcon_core.package_identification:_identify(src/turtlebot3/turtlebot3) by extensions ['colcon_meta']
[1.221s] Level 1:colcon.colcon_core.package_identification:_identify(src/turtlebot3/turtlebot3) by extension 'colcon_meta'
[1.221s] Level 1:colcon.colcon_core.package_identification:_identify(src/turtlebot3/turtlebot3) by extensions ['ros']
[1.221s] Level 1:colcon.colcon_core.package_identification:_identify(src/turtlebot3/turtlebot3) by extension 'ros'
[1.232s] DEBUG:colcon.colcon_core.package_identification:Package 'src/turtlebot3/turtlebot3' with type 'ros.ament_cmake' and name 'turtlebot3'
[1.234s] Level 1:colcon.colcon_core.package_identification:_identify(src/turtlebot3/turtlebot3_bringup) by extensions ['ignore', 'ignore_ament_install']
[1.234s] Level 1:colcon.colcon_core.package_identification:_identify(src/turtlebot3/turtlebot3_bringup) by extension 'ignore'
[1.235s] Level 1:colcon.colcon_core.package_identification:_identify(src/turtlebot3/turtlebot3_bringup) by extension 'ignore_ament_install'
[1.235s] Level 1:colcon.colcon_core.package_identification:_identify(src/turtlebot3/turtlebot3_bringup) by extensions ['colcon_pkg']
[1.236s] Level 1:colcon.colcon_core.package_identification:_identify(src/turtlebot3/turtlebot3_bringup) by extension 'colcon_pkg'
[1.237s] Level 1:colcon.colcon_core.package_identification:_identify(src/turtlebot3/turtlebot3_bringup) by extensions ['colcon_meta']
[1.237s] Level 1:colcon.colcon_core.package_identification:_identify(src/turtlebot3/turtlebot3_bringup) by extension 'colcon_meta'
[1.238s] Level 1:colcon.colcon_core.package_identification:_identify(src/turtlebot3/turtlebot3_bringup) by extensions ['ros']
[1.238s] Level 1:colcon.colcon_core.package_identification:_identify(src/turtlebot3/turtlebot3_bringup) by extension 'ros'
[1.243s] DEBUG:colcon.colcon_core.package_identification:Package 'src/turtlebot3/turtlebot3_bringup' with type 'ros.ament_cmake' and name 'turtlebot3_bringup'
[1.243s] Level 1:colcon.colcon_core.package_identification:_identify(src/turtlebot3/turtlebot3_cartographer) by extensions ['ignore', 'ignore_ament_install']
[1.244s] Level 1:colcon.colcon_core.package_identification:_identify(src/turtlebot3/turtlebot3_cartographer) by extension 'ignore'
[1.245s] Level 1:colcon.colcon_core.package_identification:_identify(src/turtlebot3/turtlebot3_cartographer) by extension 'ignore_ament_install'
[1.246s] Level 1:colcon.colcon_core.package_identification:_identify(src/turtlebot3/turtlebot3_cartographer) by extensions ['colcon_pkg']
[1.246s] Level 1:colcon.colcon_core.package_identification:_identify(src/turtlebot3/turtlebot3_cartographer) by extension 'colcon_pkg'
[1.247s] Level 1:colcon.colcon_core.package_identification:_identify(src/turtlebot3/turtlebot3_cartographer) by extensions ['colcon_meta']
[1.247s] Level 1:colcon.colcon_core.package_identification:_identify(src/turtlebot3/turtlebot3_cartographer) by extension 'colcon_meta'
[1.247s] Level 1:colcon.colcon_core.package_identification:_identify(src/turtlebot3/turtlebot3_cartographer) by extensions ['ros']
[1.247s] Level 1:colcon.colcon_core.package_identification:_identify(src/turtlebot3/turtlebot3_cartographer) by extension 'ros'
[1.252s] DEBUG:colcon.colcon_core.package_identification:Package 'src/turtlebot3/turtlebot3_cartographer' with type 'ros.ament_cmake' and name 'turtlebot3_cartographer'
[1.252s] Level 1:colcon.colcon_core.package_identification:_identify(src/turtlebot3/turtlebot3_description) by extensions ['ignore', 'ignore_ament_install']
[1.253s] Level 1:colcon.colcon_core.package_identification:_identify(src/turtlebot3/turtlebot3_description) by extension 'ignore'
[1.253s] Level 1:colcon.colcon_core.package_identification:_identify(src/turtlebot3/turtlebot3_description) by extension 'ignore_ament_install'
[1.254s] Level 1:colcon.colcon_core.package_identification:_identify(src/turtlebot3/turtlebot3_description) by extensions ['colcon_pkg']
[1.254s] Level 1:colcon.colcon_core.package_identification:_identify(src/turtlebot3/turtlebot3_description) by extension 'colcon_pkg'
[1.254s] Level 1:colcon.colcon_core.package_identification:_identify(src/turtlebot3/turtlebot3_description) by extensions ['colcon_meta']
[1.255s] Level 1:colcon.colcon_core.package_identification:_identify(src/turtlebot3/turtlebot3_description) by extension 'colcon_meta'
[1.255s] Level 1:colcon.colcon_core.package_identification:_identify(src/turtlebot3/turtlebot3_description) by extensions ['ros']
[1.255s] Level 1:colcon.colcon_core.package_identification:_identify(src/turtlebot3/turtlebot3_description) by extension 'ros'
[1.259s] DEBUG:colcon.colcon_core.package_identification:Package 'src/turtlebot3/turtlebot3_description' with type 'ros.ament_cmake' and name 'turtlebot3_description'
[1.259s] Level 1:colcon.colcon_core.package_identification:_identify(src/turtlebot3/turtlebot3_example) by extensions ['ignore', 'ignore_ament_install']
[1.260s] Level 1:colcon.colcon_core.package_identification:_identify(src/turtlebot3/turtlebot3_example) by extension 'ignore'
[1.260s] Level 1:colcon.colcon_core.package_identification:_identify(src/turtlebot3/turtlebot3_example) by extension 'ignore_ament_install'
[1.260s] Level 1:colcon.colcon_core.package_identification:_identify(src/turtlebot3/turtlebot3_example) by extensions ['colcon_pkg']
[1.260s] Level 1:colcon.colcon_core.package_identification:_identify(src/turtlebot3/turtlebot3_example) by extension 'colcon_pkg'
[1.260s] Level 1:colcon.colcon_core.package_identification:_identify(src/turtlebot3/turtlebot3_example) by extensions ['colcon_meta']
[1.260s] Level 1:colcon.colcon_core.package_identification:_identify(src/turtlebot3/turtlebot3_example) by extension 'colcon_meta'
[1.261s] Level 1:colcon.colcon_core.package_identification:_identify(src/turtlebot3/turtlebot3_example) by extensions ['ros']
[1.261s] Level 1:colcon.colcon_core.package_identification:_identify(src/turtlebot3/turtlebot3_example) by extension 'ros'
[1.264s] DEBUG:colcon.colcon_core.package_identification:Package 'src/turtlebot3/turtlebot3_example' with type 'ros.ament_python' and name 'turtlebot3_example'
[1.265s] Level 1:colcon.colcon_core.package_identification:_identify(src/turtlebot3/turtlebot3_navigation2) by extensions ['ignore', 'ignore_ament_install']
[1.266s] Level 1:colcon.colcon_core.package_identification:_identify(src/turtlebot3/turtlebot3_navigation2) by extension 'ignore'
[1.266s] Level 1:colcon.colcon_core.package_identification:_identify(src/turtlebot3/turtlebot3_navigation2) by extension 'ignore_ament_install'
[1.267s] Level 1:colcon.colcon_core.package_identification:_identify(src/turtlebot3/turtlebot3_navigation2) by extensions ['colcon_pkg']
[1.267s] Level 1:colcon.colcon_core.package_identification:_identify(src/turtlebot3/turtlebot3_navigation2) by extension 'colcon_pkg'
[1.267s] Level 1:colcon.colcon_core.package_identification:_identify(src/turtlebot3/turtlebot3_navigation2) by extensions ['colcon_meta']
[1.268s] Level 1:colcon.colcon_core.package_identification:_identify(src/turtlebot3/turtlebot3_navigation2) by extension 'colcon_meta'
[1.268s] Level 1:colcon.colcon_core.package_identification:_identify(src/turtlebot3/turtlebot3_navigation2) by extensions ['ros']
[1.268s] Level 1:colcon.colcon_core.package_identification:_identify(src/turtlebot3/turtlebot3_navigation2) by extension 'ros'
[1.271s] DEBUG:colcon.colcon_core.package_identification:Package 'src/turtlebot3/turtlebot3_navigation2' with type 'ros.ament_cmake' and name 'turtlebot3_navigation2'
[1.271s] Level 1:colcon.colcon_core.package_identification:_identify(src/turtlebot3/turtlebot3_node) by extensions ['ignore', 'ignore_ament_install']
[1.271s] Level 1:colcon.colcon_core.package_identification:_identify(src/turtlebot3/turtlebot3_node) by extension 'ignore'
[1.272s] Level 1:colcon.colcon_core.package_identification:_identify(src/turtlebot3/turtlebot3_node) by extension 'ignore_ament_install'
[1.272s] Level 1:colcon.colcon_core.package_identification:_identify(src/turtlebot3/turtlebot3_node) by extensions ['colcon_pkg']
[1.272s] Level 1:colcon.colcon_core.package_identification:_identify(src/turtlebot3/turtlebot3_node) by extension 'colcon_pkg'
[1.272s] Level 1:colcon.colcon_core.package_identification:_identify(src/turtlebot3/turtlebot3_node) by extensions ['colcon_meta']
[1.272s] Level 1:colcon.colcon_core.package_identification:_identify(src/turtlebot3/turtlebot3_node) by extension 'colcon_meta'
[1.273s] Level 1:colcon.colcon_core.package_identification:_identify(src/turtlebot3/turtlebot3_node) by extensions ['ros']
[1.273s] Level 1:colcon.colcon_core.package_identification:_identify(src/turtlebot3/turtlebot3_node) by extension 'ros'
[1.279s] DEBUG:colcon.colcon_core.package_identification:Package 'src/turtlebot3/turtlebot3_node' with type 'ros.ament_cmake' and name 'turtlebot3_node'
[1.279s] Level 1:colcon.colcon_core.package_identification:_identify(src/turtlebot3/turtlebot3_teleop) by extensions ['ignore', 'ignore_ament_install']
[1.280s] Level 1:colcon.colcon_core.package_identification:_identify(src/turtlebot3/turtlebot3_teleop) by extension 'ignore'
[1.280s] Level 1:colcon.colcon_core.package_identification:_identify(src/turtlebot3/turtlebot3_teleop) by extension 'ignore_ament_install'
[1.280s] Level 1:colcon.colcon_core.package_identification:_identify(src/turtlebot3/turtlebot3_teleop) by extensions ['colcon_pkg']
[1.280s] Level 1:colcon.colcon_core.package_identification:_identify(src/turtlebot3/turtlebot3_teleop) by extension 'colcon_pkg'
[1.280s] Level 1:colcon.colcon_core.package_identification:_identify(src/turtlebot3/turtlebot3_teleop) by extensions ['colcon_meta']
[1.280s] Level 1:colcon.colcon_core.package_identification:_identify(src/turtlebot3/turtlebot3_teleop) by extension 'colcon_meta'
[1.281s] Level 1:colcon.colcon_core.package_identification:_identify(src/turtlebot3/turtlebot3_teleop) by extensions ['ros']
[1.281s] Level 1:colcon.colcon_core.package_identification:_identify(src/turtlebot3/turtlebot3_teleop) by extension 'ros'
[1.282s] DEBUG:colcon.colcon_core.package_identification:Package 'src/turtlebot3/turtlebot3_teleop' with type 'ros.ament_python' and name 'turtlebot3_teleop'
[1.282s] Level 1:colcon.colcon_core.package_identification:_identify(src/turtlebot3_manipulator_gazebo) by extensions ['ignore', 'ignore_ament_install']
[1.283s] Level 1:colcon.colcon_core.package_identification:_identify(src/turtlebot3_manipulator_gazebo) by extension 'ignore'
[1.283s] Level 1:colcon.colcon_core.package_identification:_identify(src/turtlebot3_manipulator_gazebo) by extension 'ignore_ament_install'
[1.283s] Level 1:colcon.colcon_core.package_identification:_identify(src/turtlebot3_manipulator_gazebo) by extensions ['colcon_pkg']
[1.283s] Level 1:colcon.colcon_core.package_identification:_identify(src/turtlebot3_manipulator_gazebo) by extension 'colcon_pkg'
[1.283s] Level 1:colcon.colcon_core.package_identification:_identify(src/turtlebot3_manipulator_gazebo) by extensions ['colcon_meta']
[1.284s] Level 1:colcon.colcon_core.package_identification:_identify(src/turtlebot3_manipulator_gazebo) by extension 'colcon_meta'
[1.284s] Level 1:colcon.colcon_core.package_identification:_identify(src/turtlebot3_manipulator_gazebo) by extensions ['ros']
[1.284s] Level 1:colcon.colcon_core.package_identification:_identify(src/turtlebot3_manipulator_gazebo) by extension 'ros'
[1.291s] DEBUG:colcon.colcon_core.package_identification:Package 'src/turtlebot3_manipulator_gazebo' with type 'ros.ament_cmake' and name 'turtlebot3_manipulator_gazebo'
[1.291s] Level 1:colcon.colcon_core.package_identification:_identify(src/turtlebot3_simulations) by extensions ['ignore', 'ignore_ament_install']
[1.291s] Level 1:colcon.colcon_core.package_identification:_identify(src/turtlebot3_simulations) by extension 'ignore'
[1.292s] Level 1:colcon.colcon_core.package_identification:_identify(src/turtlebot3_simulations) by extension 'ignore_ament_install'
[1.292s] Level 1:colcon.colcon_core.package_identification:_identify(src/turtlebot3_simulations) by extensions ['colcon_pkg']
[1.292s] Level 1:colcon.colcon_core.package_identification:_identify(src/turtlebot3_simulations) by extension 'colcon_pkg'
[1.293s] Level 1:colcon.colcon_core.package_identification:_identify(src/turtlebot3_simulations) by extensions ['colcon_meta']
[1.293s] Level 1:colcon.colcon_core.package_identification:_identify(src/turtlebot3_simulations) by extension 'colcon_meta'
[1.293s] Level 1:colcon.colcon_core.package_identification:_identify(src/turtlebot3_simulations) by extensions ['ros']
[1.293s] Level 1:colcon.colcon_core.package_identification:_identify(src/turtlebot3_simulations) by extension 'ros'
[1.294s] Level 1:colcon.colcon_core.package_identification:_identify(src/turtlebot3_simulations) by extensions ['cmake', 'python']
[1.294s] Level 1:colcon.colcon_core.package_identification:_identify(src/turtlebot3_simulations) by extension 'cmake'
[1.295s] Level 1:colcon.colcon_core.package_identification:_identify(src/turtlebot3_simulations) by extension 'python'
[1.295s] Level 1:colcon.colcon_core.package_identification:_identify(src/turtlebot3_simulations) by extensions ['python_setup_py']
[1.296s] Level 1:colcon.colcon_core.package_identification:_identify(src/turtlebot3_simulations) by extension 'python_setup_py'
[1.296s] Level 1:colcon.colcon_core.package_identification:_identify(src/turtlebot3_simulations/turtlebot3_fake_node) by extensions ['ignore', 'ignore_ament_install']
[1.297s] Level 1:colcon.colcon_core.package_identification:_identify(src/turtlebot3_simulations/turtlebot3_fake_node) by extension 'ignore'
[1.297s] Level 1:colcon.colcon_core.package_identification:_identify(src/turtlebot3_simulations/turtlebot3_fake_node) by extension 'ignore_ament_install'
[1.298s] Level 1:colcon.colcon_core.package_identification:_identify(src/turtlebot3_simulations/turtlebot3_fake_node) by extensions ['colcon_pkg']
[1.298s] Level 1:colcon.colcon_core.package_identification:_identify(src/turtlebot3_simulations/turtlebot3_fake_node) by extension 'colcon_pkg'
[1.299s] Level 1:colcon.colcon_core.package_identification:_identify(src/turtlebot3_simulations/turtlebot3_fake_node) by extensions ['colcon_meta']
[1.299s] Level 1:colcon.colcon_core.package_identification:_identify(src/turtlebot3_simulations/turtlebot3_fake_node) by extension 'colcon_meta'
[1.299s] Level 1:colcon.colcon_core.package_identification:_identify(src/turtlebot3_simulations/turtlebot3_fake_node) by extensions ['ros']
[1.300s] Level 1:colcon.colcon_core.package_identification:_identify(src/turtlebot3_simulations/turtlebot3_fake_node) by extension 'ros'
[1.306s] DEBUG:colcon.colcon_core.package_identification:Package 'src/turtlebot3_simulations/turtlebot3_fake_node' with type 'ros.ament_cmake' and name 'turtlebot3_fake_node'
[1.306s] Level 1:colcon.colcon_core.package_identification:_identify(src/turtlebot3_simulations/turtlebot3_gazebo) by extensions ['ignore', 'ignore_ament_install']
[1.307s] Level 1:colcon.colcon_core.package_identification:_identify(src/turtlebot3_simulations/turtlebot3_gazebo) by extension 'ignore'
[1.307s] Level 1:colcon.colcon_core.package_identification:_identify(src/turtlebot3_simulations/turtlebot3_gazebo) by extension 'ignore_ament_install'
[1.308s] Level 1:colcon.colcon_core.package_identification:_identify(src/turtlebot3_simulations/turtlebot3_gazebo) by extensions ['colcon_pkg']
[1.308s] Level 1:colcon.colcon_core.package_identification:_identify(src/turtlebot3_simulations/turtlebot3_gazebo) by extension 'colcon_pkg'
[1.309s] Level 1:colcon.colcon_core.package_identification:_identify(src/turtlebot3_simulations/turtlebot3_gazebo) by extensions ['colcon_meta']
[1.309s] Level 1:colcon.colcon_core.package_identification:_identify(src/turtlebot3_simulations/turtlebot3_gazebo) by extension 'colcon_meta'
[1.309s] Level 1:colcon.colcon_core.package_identification:_identify(src/turtlebot3_simulations/turtlebot3_gazebo) by extensions ['ros']
[1.309s] Level 1:colcon.colcon_core.package_identification:_identify(src/turtlebot3_simulations/turtlebot3_gazebo) by extension 'ros'
[1.314s] DEBUG:colcon.colcon_core.package_identification:Package 'src/turtlebot3_simulations/turtlebot3_gazebo' with type 'ros.ament_cmake' and name 'turtlebot3_gazebo'
[1.314s] Level 1:colcon.colcon_core.package_identification:_identify(src/turtlebot3_simulations/turtlebot3_simulations) by extensions ['ignore', 'ignore_ament_install']
[1.315s] Level 1:colcon.colcon_core.package_identification:_identify(src/turtlebot3_simulations/turtlebot3_simulations) by extension 'ignore'
[1.315s] Level 1:colcon.colcon_core.package_identification:_identify(src/turtlebot3_simulations/turtlebot3_simulations) by extension 'ignore_ament_install'
[1.315s] Level 1:colcon.colcon_core.package_identification:_identify(src/turtlebot3_simulations/turtlebot3_simulations) by extensions ['colcon_pkg']
[1.315s] Level 1:colcon.colcon_core.package_identification:_identify(src/turtlebot3_simulations/turtlebot3_simulations) by extension 'colcon_pkg'
[1.315s] Level 1:colcon.colcon_core.package_identification:_identify(src/turtlebot3_simulations/turtlebot3_simulations) by extensions ['colcon_meta']
[1.315s] Level 1:colcon.colcon_core.package_identification:_identify(src/turtlebot3_simulations/turtlebot3_simulations) by extension 'colcon_meta'
[1.316s] Level 1:colcon.colcon_core.package_identification:_identify(src/turtlebot3_simulations/turtlebot3_simulations) by extensions ['ros']
[1.316s] Level 1:colcon.colcon_core.package_identification:_identify(src/turtlebot3_simulations/turtlebot3_simulations) by extension 'ros'
[1.318s] DEBUG:colcon.colcon_core.package_identification:Package 'src/turtlebot3_simulations/turtlebot3_simulations' with type 'ros.ament_cmake' and name 'turtlebot3_simulations'
[1.318s] Level 1:colcon.colcon_core.package_discovery:discover_packages(recursive) using defaults
[1.318s] Level 1:colcon.colcon_core.package_discovery:discover_packages(ignore) discover
[1.319s] Level 1:colcon.colcon_core.package_discovery:discover_packages(ignore) using defaults
[1.319s] Level 1:colcon.colcon_core.package_discovery:discover_packages(path) discover
[1.319s] Level 1:colcon.colcon_core.package_discovery:discover_packages(path) using defaults
[1.468s] INFO:colcon.colcon_core.package_selection:Skipping not selected package 'turtlebot3_cartographer' in 'src/turtlebot3/turtlebot3_cartographer'
[1.469s] INFO:colcon.colcon_core.package_selection:Skipping not selected package 'turtlebot3_description' in 'src/turtlebot3/turtlebot3_description'
[1.469s] INFO:colcon.colcon_core.package_selection:Skipping not selected package 'turtlebot3_example' in 'src/turtlebot3/turtlebot3_example'
[1.469s] INFO:colcon.colcon_core.package_selection:Skipping not selected package 'turtlebot3_fake_node' in 'src/turtlebot3_simulations/turtlebot3_fake_node'
[1.469s] INFO:colcon.colcon_core.package_selection:Skipping not selected package 'turtlebot3_gazebo' in 'src/turtlebot3_simulations/turtlebot3_gazebo'
[1.469s] INFO:colcon.colcon_core.package_selection:Skipping not selected package 'turtlebot3_navigation2' in 'src/turtlebot3/turtlebot3_navigation2'
[1.470s] INFO:colcon.colcon_core.package_selection:Skipping not selected package 'turtlebot3_node' in 'src/turtlebot3/turtlebot3_node'
[1.470s] INFO:colcon.colcon_core.package_selection:Skipping not selected package 'turtlebot3_teleop' in 'src/turtlebot3/turtlebot3_teleop'
[1.471s] INFO:colcon.colcon_core.package_selection:Skipping not selected package 'turtlebot3_bringup' in 'src/turtlebot3/turtlebot3_bringup'
[1.471s] INFO:colcon.colcon_core.package_selection:Skipping not selected package 'turtlebot3_simulations' in 'src/turtlebot3_simulations/turtlebot3_simulations'
[1.471s] INFO:colcon.colcon_core.package_selection:Skipping not selected package 'turtlebot3' in 'src/turtlebot3/turtlebot3'
[1.473s] Level 1:colcon.colcon_core.package_discovery:discover_packages(prefix_path) check parameters
[1.473s] Level 1:colcon.colcon_core.package_discovery:discover_packages(prefix_path) discover
[1.480s] WARNING:colcon.colcon_ros.prefix_path.catkin:The path '/usr/share/gazebo' in the environment variable CMAKE_PREFIX_PATH doesn't exist
[1.486s] DEBUG:colcon.colcon_installed_package_information.package_discovery:Found 12 installed packages in /home/hp/turtlebot3_ws/install
[1.504s] DEBUG:colcon.colcon_installed_package_information.package_discovery:Found 492 installed packages in /opt/ros/jazzy
[1.519s] Level 1:colcon.colcon_core.package_discovery:discover_packages(prefix_path) using defaults
[2.017s] Level 5:colcon.colcon_core.verb:set package 'turtlebot3_manipulator_gazebo' build argument 'cmake_args' from command line to 'None'
[2.017s] Level 5:colcon.colcon_core.verb:set package 'turtlebot3_manipulator_gazebo' build argument 'cmake_target' from command line to 'None'
[2.018s] Level 5:colcon.colcon_core.verb:set package 'turtlebot3_manipulator_gazebo' build argument 'cmake_target_skip_unavailable' from command line to 'False'
[2.018s] Level 5:colcon.colcon_core.verb:set package 'turtlebot3_manipulator_gazebo' build argument 'cmake_clean_cache' from command line to 'False'
[2.018s] Level 5:colcon.colcon_core.verb:set package 'turtlebot3_manipulator_gazebo' build argument 'cmake_clean_first' from command line to 'False'
[2.018s] Level 5:colcon.colcon_core.verb:set package 'turtlebot3_manipulator_gazebo' build argument 'cmake_force_configure' from command line to 'False'
[2.018s] Level 5:colcon.colcon_core.verb:set package 'turtlebot3_manipulator_gazebo' build argument 'ament_cmake_args' from command line to 'None'
[2.018s] Level 5:colcon.colcon_core.verb:set package 'turtlebot3_manipulator_gazebo' build argument 'catkin_cmake_args' from command line to 'None'
[2.018s] Level 5:colcon.colcon_core.verb:set package 'turtlebot3_manipulator_gazebo' build argument 'catkin_skip_building_tests' from command line to 'False'
[2.019s] DEBUG:colcon.colcon_core.verb:Building package 'turtlebot3_manipulator_gazebo' with the following arguments: {'ament_cmake_args': None, 'build_base': '/home/hp/turtlebot3_ws/build/turtlebot3_manipulator_gazebo', 'catkin_cmake_args': None, 'catkin_skip_building_tests': False, 'cmake_args': None, 'cmake_clean_cache': False, 'cmake_clean_first': False, 'cmake_force_configure': False, 'cmake_target': None, 'cmake_target_skip_unavailable': False, 'install_base': '/home/hp/turtlebot3_ws/install/turtlebot3_manipulator_gazebo', 'merge_install': False, 'path': '/home/hp/turtlebot3_ws/src/turtlebot3_manipulator_gazebo', 'symlink_install': True, 'test_result_base': None}
[2.020s] INFO:colcon.colcon_core.executor:Executing jobs using 'parallel' executor
[2.025s] DEBUG:colcon.colcon_parallel_executor.executor.parallel:run_until_complete
[2.026s] INFO:colcon.colcon_ros.task.ament_cmake.build:Building ROS package in '/home/hp/turtlebot3_ws/src/turtlebot3_manipulator_gazebo' with build type 'ament_cmake'
[2.026s] INFO:colcon.colcon_cmake.task.cmake.build:Building CMake package in '/home/hp/turtlebot3_ws/src/turtlebot3_manipulator_gazebo'
[2.047s] INFO:colcon.colcon_core.plugin_system:Skipping extension 'colcon_core.shell.bat': Not used on non-Windows systems
[2.053s] INFO:colcon.colcon_core.shell:Skip shell extension 'powershell' for command environment: Not usable outside of PowerShell
[2.053s] DEBUG:colcon.colcon_core.shell:Skip shell extension 'dsv' for command environment
[2.142s] DEBUG:colcon.colcon_core.event_handler.log_command:Invoking command in '/home/hp/turtlebot3_ws/build/turtlebot3_manipulator_gazebo': CMAKE_PREFIX_PATH=/home/hp/turtlebot3_ws/install/turtlebot3_gazebo:/home/hp/turtlebot3_ws/install/turtlebot3_description:/home/hp/turtlebot3_ws/install/turtlebot3:/home/hp/turtlebot3_ws/install/turtlebot3_simulations:/home/hp/turtlebot3_ws/install/turtlebot3_bringup:/home/hp/turtlebot3_ws/install/turtlebot3_node:/home/hp/turtlebot3_ws/install/turtlebot3_navigation2:/home/hp/turtlebot3_ws/install/turtlebot3_manipulator_gazebo:/home/hp/turtlebot3_ws/install/turtlebot3_fake_node:/home/hp/turtlebot3_ws/install/turtlebot3_cartographer:/usr/share/gazebo:/opt/ros/jazzy/opt/gz_sim_vendor:/opt/ros/jazzy/opt/gz_sensors_vendor:/opt/ros/jazzy/opt/gz_physics_vendor:/opt/ros/jazzy/opt/sdformat_vendor:/opt/ros/jazzy/opt/gz_gui_vendor:/opt/ros/jazzy/opt/gz_transport_vendor:/opt/ros/jazzy/opt/gz_rendering_vendor:/opt/ros/jazzy/opt/gz_plugin_vendor:/opt/ros/jazzy/opt/gz_fuel_tools_vendor:/opt/ros/jazzy/opt/gz_msgs_vendor:/opt/ros/jazzy/opt/gz_common_vendor:/opt/ros/jazzy/opt/gz_math_vendor:/opt/ros/jazzy/opt/gz_utils_vendor:/opt/ros/jazzy/opt/gz_tools_vendor:/opt/ros/jazzy/opt/gz_ogre_next_vendor:/opt/ros/jazzy/opt/gz_dartsim_vendor:/opt/ros/jazzy/opt/gz_cmake_vendor:/home/hp/turtlebot3_ws/install/turtlebot3_teleop:/home/hp/turtlebot3_ws/install/turtlebot3_example:/opt/ros/jazzy DEBUGINFOD_URLS=https://debuginfod.ubuntu.com /usr/bin/cmake --build /home/hp/turtlebot3_ws/build/turtlebot3_manipulator_gazebo -- -j4 -l4
[10.652s] DEBUG:colcon.colcon_core.event_handler.log_command:Invoked command in '/home/hp/turtlebot3_ws/build/turtlebot3_manipulator_gazebo' returned '0': CMAKE_PREFIX_PATH=/home/hp/turtlebot3_ws/install/turtlebot3_gazebo:/home/hp/turtlebot3_ws/install/turtlebot3_description:/home/hp/turtlebot3_ws/install/turtlebot3:/home/hp/turtlebot3_ws/install/turtlebot3_simulations:/home/hp/turtlebot3_ws/install/turtlebot3_bringup:/home/hp/turtlebot3_ws/install/turtlebot3_node:/home/hp/turtlebot3_ws/install/turtlebot3_navigation2:/home/hp/turtlebot3_ws/install/turtlebot3_manipulator_gazebo:/home/hp/turtlebot3_ws/install/turtlebot3_fake_node:/home/hp/turtlebot3_ws/install/turtlebot3_cartographer:/usr/share/gazebo:/opt/ros/jazzy/opt/gz_sim_vendor:/opt/ros/jazzy/opt/gz_sensors_vendor:/opt/ros/jazzy/opt/gz_physics_vendor:/opt/ros/jazzy/opt/sdformat_vendor:/opt/ros/jazzy/opt/gz_gui_vendor:/opt/ros/jazzy/opt/gz_transport_vendor:/opt/ros/jazzy/opt/gz_rendering_vendor:/opt/ros/jazzy/opt/gz_plugin_vendor:/opt/ros/jazzy/opt/gz_fuel_tools_vendor:/opt/ros/jazzy/opt/gz_msgs_vendor:/opt/ros/jazzy/opt/gz_common_vendor:/opt/ros/jazzy/opt/gz_math_vendor:/opt/ros/jazzy/opt/gz_utils_vendor:/opt/ros/jazzy/opt/gz_tools_vendor:/opt/ros/jazzy/opt/gz_ogre_next_vendor:/opt/ros/jazzy/opt/gz_dartsim_vendor:/opt/ros/jazzy/opt/gz_cmake_vendor:/home/hp/turtlebot3_ws/install/turtlebot3_teleop:/home/hp/turtlebot3_ws/install/turtlebot3_example:/opt/ros/jazzy DEBUGINFOD_URLS=https://debuginfod.ubuntu.com /usr/bin/cmake --build /home/hp/turtlebot3_ws/build/turtlebot3_manipulator_gazebo -- -j4 -l4
[10.716s] DEBUG:colcon.colcon_core.event_handler.log_command:Invoking command in '/home/hp/turtlebot3_ws/build/turtlebot3_manipulator_gazebo': CMAKE_PREFIX_PATH=/home/hp/turtlebot3_ws/install/turtlebot3_gazebo:/home/hp/turtlebot3_ws/install/turtlebot3_description:/home/hp/turtlebot3_ws/install/turtlebot3:/home/hp/turtlebot3_ws/install/turtlebot3_simulations:/home/hp/turtlebot3_ws/install/turtlebot3_bringup:/home/hp/turtlebot3_ws/install/turtlebot3_node:/home/hp/turtlebot3_ws/install/turtlebot3_navigation2:/home/hp/turtlebot3_ws/install/turtlebot3_manipulator_gazebo:/home/hp/turtlebot3_ws/install/turtlebot3_fake_node:/home/hp/turtlebot3_ws/install/turtlebot3_cartographer:/usr/share/gazebo:/opt/ros/jazzy/opt/gz_sim_vendor:/opt/ros/jazzy/opt/gz_sensors_vendor:/opt/ros/jazzy/opt/gz_physics_vendor:/opt/ros/jazzy/opt/sdformat_vendor:/opt/ros/jazzy/opt/gz_gui_vendor:/opt/ros/jazzy/opt/gz_transport_vendor:/opt/ros/jazzy/opt/gz_rendering_vendor:/opt/ros/jazzy/opt/gz_plugin_vendor:/opt/ros/jazzy/opt/gz_fuel_tools_vendor:/opt/ros/jazzy/opt/gz_msgs_vendor:/opt/ros/jazzy/opt/gz_common_vendor:/opt/ros/jazzy/opt/gz_math_vendor:/opt/ros/jazzy/opt/gz_utils_vendor:/opt/ros/jazzy/opt/gz_tools_vendor:/opt/ros/jazzy/opt/gz_ogre_next_vendor:/opt/ros/jazzy/opt/gz_dartsim_vendor:/opt/ros/jazzy/opt/gz_cmake_vendor:/home/hp/turtlebot3_ws/install/turtlebot3_teleop:/home/hp/turtlebot3_ws/install/turtlebot3_example:/opt/ros/jazzy DEBUGINFOD_URLS=https://debuginfod.ubuntu.com /usr/bin/cmake --install /home/hp/turtlebot3_ws/build/turtlebot3_manipulator_gazebo
[10.918s] Level 1:colcon.colcon_core.environment:create_environment_scripts_only(turtlebot3_manipulator_gazebo)
[10.922s] DEBUG:colcon.colcon_core.event_handler.log_command:Invoked command in '/home/hp/turtlebot3_ws/build/turtlebot3_manipulator_gazebo' returned '0': CMAKE_PREFIX_PATH=/home/hp/turtlebot3_ws/install/turtlebot3_gazebo:/home/hp/turtlebot3_ws/install/turtlebot3_description:/home/hp/turtlebot3_ws/install/turtlebot3:/home/hp/turtlebot3_ws/install/turtlebot3_simulations:/home/hp/turtlebot3_ws/install/turtlebot3_bringup:/home/hp/turtlebot3_ws/install/turtlebot3_node:/home/hp/turtlebot3_ws/install/turtlebot3_navigation2:/home/hp/turtlebot3_ws/install/turtlebot3_manipulator_gazebo:/home/hp/turtlebot3_ws/install/turtlebot3_fake_node:/home/hp/turtlebot3_ws/install/turtlebot3_cartographer:/usr/share/gazebo:/opt/ros/jazzy/opt/gz_sim_vendor:/opt/ros/jazzy/opt/gz_sensors_vendor:/opt/ros/jazzy/opt/gz_physics_vendor:/opt/ros/jazzy/opt/sdformat_vendor:/opt/ros/jazzy/opt/gz_gui_vendor:/opt/ros/jazzy/opt/gz_transport_vendor:/opt/ros/jazzy/opt/gz_rendering_vendor:/opt/ros/jazzy/opt/gz_plugin_vendor:/opt/ros/jazzy/opt/gz_fuel_tools_vendor:/opt/ros/jazzy/opt/gz_msgs_vendor:/opt/ros/jazzy/opt/gz_common_vendor:/opt/ros/jazzy/opt/gz_math_vendor:/opt/ros/jazzy/opt/gz_utils_vendor:/opt/ros/jazzy/opt/gz_tools_vendor:/opt/ros/jazzy/opt/gz_ogre_next_vendor:/opt/ros/jazzy/opt/gz_dartsim_vendor:/opt/ros/jazzy/opt/gz_cmake_vendor:/home/hp/turtlebot3_ws/install/turtlebot3_teleop:/home/hp/turtlebot3_ws/install/turtlebot3_example:/opt/ros/jazzy DEBUGINFOD_URLS=https://debuginfod.ubuntu.com /usr/bin/cmake --install /home/hp/turtlebot3_ws/build/turtlebot3_manipulator_gazebo
[10.934s] Level 1:colcon.colcon_core.environment:checking '/home/hp/turtlebot3_ws/install/turtlebot3_manipulator_gazebo' for CMake module files
[10.939s] Level 1:colcon.colcon_core.environment:checking '/home/hp/turtlebot3_ws/install/turtlebot3_manipulator_gazebo' for CMake config files
[10.941s] Level 1:colcon.colcon_core.shell:create_environment_hook('turtlebot3_manipulator_gazebo', 'cmake_prefix_path')
[10.942s] INFO:colcon.colcon_core.shell:Creating environment hook '/home/hp/turtlebot3_ws/install/turtlebot3_manipulator_gazebo/share/turtlebot3_manipulator_gazebo/hook/cmake_prefix_path.ps1'
[10.946s] INFO:colcon.colcon_core.shell:Creating environment descriptor '/home/hp/turtlebot3_ws/install/turtlebot3_manipulator_gazebo/share/turtlebot3_manipulator_gazebo/hook/cmake_prefix_path.dsv'
[10.950s] INFO:colcon.colcon_core.shell:Creating environment hook '/home/hp/turtlebot3_ws/install/turtlebot3_manipulator_gazebo/share/turtlebot3_manipulator_gazebo/hook/cmake_prefix_path.sh'
[10.958s] Level 1:colcon.colcon_core.environment:checking '/home/hp/turtlebot3_ws/install/turtlebot3_manipulator_gazebo/bin'
[10.959s] Level 1:colcon.colcon_core.environment:checking '/home/hp/turtlebot3_ws/install/turtlebot3_manipulator_gazebo/lib/pkgconfig/turtlebot3_manipulator_gazebo.pc'
[10.962s] Level 1:colcon.colcon_core.environment:checking '/home/hp/turtlebot3_ws/install/turtlebot3_manipulator_gazebo/lib/python3.12/site-packages'
[10.970s] Level 1:colcon.colcon_core.environment:checking '/home/hp/turtlebot3_ws/install/turtlebot3_manipulator_gazebo/bin'
[10.975s] INFO:colcon.colcon_core.shell:Creating package script '/home/hp/turtlebot3_ws/install/turtlebot3_manipulator_gazebo/share/turtlebot3_manipulator_gazebo/package.ps1'
[10.979s] INFO:colcon.colcon_core.shell:Creating package descriptor '/home/hp/turtlebot3_ws/install/turtlebot3_manipulator_gazebo/share/turtlebot3_manipulator_gazebo/package.dsv'
[10.981s] INFO:colcon.colcon_core.shell:Creating package script '/home/hp/turtlebot3_ws/install/turtlebot3_manipulator_gazebo/share/turtlebot3_manipulator_gazebo/package.sh'
[10.984s] INFO:colcon.colcon_core.shell:Creating package script '/home/hp/turtlebot3_ws/install/turtlebot3_manipulator_gazebo/share/turtlebot3_manipulator_gazebo/package.bash'
[10.988s] INFO:colcon.colcon_core.shell:Creating package script '/home/hp/turtlebot3_ws/install/turtlebot3_manipulator_gazebo/share/turtlebot3_manipulator_gazebo/package.zsh'
[10.991s] Level 1:colcon.colcon_core.environment:create_file_with_runtime_dependencies(/home/hp/turtlebot3_ws/install/turtlebot3_manipulator_gazebo/share/colcon-core/packages/turtlebot3_manipulator_gazebo)
[10.994s] Level 1:colcon.colcon_core.environment:create_environment_scripts_only(turtlebot3_manipulator_gazebo)
[10.995s] Level 1:colcon.colcon_core.environment:checking '/home/hp/turtlebot3_ws/install/turtlebot3_manipulator_gazebo' for CMake module files
[11.000s] Level 1:colcon.colcon_core.environment:checking '/home/hp/turtlebot3_ws/install/turtlebot3_manipulator_gazebo' for CMake config files
[11.002s] Level 1:colcon.colcon_core.shell:create_environment_hook('turtlebot3_manipulator_gazebo', 'cmake_prefix_path')
[11.004s] INFO:colcon.colcon_core.shell:Creating environment hook '/home/hp/turtlebot3_ws/install/turtlebot3_manipulator_gazebo/share/turtlebot3_manipulator_gazebo/hook/cmake_prefix_path.ps1'
[11.006s] INFO:colcon.colcon_core.shell:Creating environment descriptor '/home/hp/turtlebot3_ws/install/turtlebot3_manipulator_gazebo/share/turtlebot3_manipulator_gazebo/hook/cmake_prefix_path.dsv'
[11.008s] INFO:colcon.colcon_core.shell:Creating environment hook '/home/hp/turtlebot3_ws/install/turtlebot3_manipulator_gazebo/share/turtlebot3_manipulator_gazebo/hook/cmake_prefix_path.sh'
[11.015s] Level 1:colcon.colcon_core.environment:checking '/home/hp/turtlebot3_ws/install/turtlebot3_manipulator_gazebo/bin'
[11.015s] Level 1:colcon.colcon_core.environment:checking '/home/hp/turtlebot3_ws/install/turtlebot3_manipulator_gazebo/lib/pkgconfig/turtlebot3_manipulator_gazebo.pc'
[11.016s] Level 1:colcon.colcon_core.environment:checking '/home/hp/turtlebot3_ws/install/turtlebot3_manipulator_gazebo/lib/python3.12/site-packages'
[11.018s] Level 1:colcon.colcon_core.environment:checking '/home/hp/turtlebot3_ws/install/turtlebot3_manipulator_gazebo/bin'
[11.019s] INFO:colcon.colcon_core.shell:Creating package script '/home/hp/turtlebot3_ws/install/turtlebot3_manipulator_gazebo/share/turtlebot3_manipulator_gazebo/package.ps1'
[11.022s] INFO:colcon.colcon_core.shell:Creating package descriptor '/home/hp/turtlebot3_ws/install/turtlebot3_manipulator_gazebo/share/turtlebot3_manipulator_gazebo/package.dsv'
[11.025s] INFO:colcon.colcon_core.shell:Creating package script '/home/hp/turtlebot3_ws/install/turtlebot3_manipulator_gazebo/share/turtlebot3_manipulator_gazebo/package.sh'
[11.028s] INFO:colcon.colcon_core.shell:Creating package script '/home/hp/turtlebot3_ws/install/turtlebot3_manipulator_gazebo/share/turtlebot3_manipulator_gazebo/package.bash'
[11.032s] INFO:colcon.colcon_core.shell:Creating package script '/home/hp/turtlebot3_ws/install/turtlebot3_manipulator_gazebo/share/turtlebot3_manipulator_gazebo/package.zsh'
[11.034s] Level 1:colcon.colcon_core.environment:create_file_with_runtime_dependencies(/home/hp/turtlebot3_ws/install/turtlebot3_manipulator_gazebo/share/colcon-core/packages/turtlebot3_manipulator_gazebo)
[11.035s] DEBUG:colcon.colcon_parallel_executor.executor.parallel:closing loop
[11.036s] DEBUG:colcon.colcon_parallel_executor.executor.parallel:loop closed
[11.036s] DEBUG:colcon.colcon_parallel_executor.executor.parallel:run_until_complete finished with '0'
[11.036s] DEBUG:colcon.colcon_core.event_reactor:joining thread
[11.066s] INFO:colcon.colcon_core.plugin_system:Skipping extension 'colcon_notification.desktop_notification.terminal_notifier': Not used on non-Darwin systems
[11.066s] INFO:colcon.colcon_core.plugin_system:Skipping extension 'colcon_notification.desktop_notification.win32': Not used on non-Windows systems
[11.066s] INFO:colcon.colcon_notification.desktop_notification:Sending desktop notification using 'notify2'
[11.141s] DEBUG:colcon.colcon_core.event_reactor:joined thread
[11.142s] INFO:colcon.colcon_core.shell:Creating prefix script '/home/hp/turtlebot3_ws/install/local_setup.ps1'
[11.146s] INFO:colcon.colcon_core.shell:Creating prefix util module '/home/hp/turtlebot3_ws/install/_local_setup_util_ps1.py'
[11.164s] INFO:colcon.colcon_core.shell:Creating prefix chain script '/home/hp/turtlebot3_ws/install/setup.ps1'
[11.175s] INFO:colcon.colcon_core.shell:Creating prefix script '/home/hp/turtlebot3_ws/install/local_setup.sh'
[11.178s] INFO:colcon.colcon_core.shell:Creating prefix util module '/home/hp/turtlebot3_ws/install/_local_setup_util_sh.py'
[11.185s] INFO:colcon.colcon_core.shell:Creating prefix chain script '/home/hp/turtlebot3_ws/install/setup.sh'
[11.206s] INFO:colcon.colcon_core.shell:Creating prefix script '/home/hp/turtlebot3_ws/install/local_setup.bash'
[11.208s] INFO:colcon.colcon_core.shell:Creating prefix chain script '/home/hp/turtlebot3_ws/install/setup.bash'
[11.214s] INFO:colcon.colcon_core.shell:Creating prefix script '/home/hp/turtlebot3_ws/install/local_setup.zsh'
[11.217s] INFO:colcon.colcon_core.shell:Creating prefix chain script '/home/hp/turtlebot3_ws/install/setup.zsh'
